(DeepKNLU-23.09) chris@chris137:/dat/proj/DeepKNLU-23.09$ python 1-doc-class.py train --data-name nsmc --seq-len 256 --batch-size 64 --num-save 5 --epochs 1 --pretrained pretrained/KPF-BERT --device 1
[09.06 06:31:30] ┇ INFO     ┇                       chrisbase.data ┇ =========================================================================================================================================
[09.06 06:31:30] ┇ INFO     ┇                       chrisbase.data ┇ [INIT] python 1-doc-class.py train --data-name nsmc --seq-len 256 --batch-size 64 --num-save 5 --epochs 1 --pretrained pretrained/KPF-BERT --device 1
[09.06 06:31:30] ┇ INFO     ┇                       chrisbase.data ┇ =========================================================================================================================================
[09.06 06:31:31] ┇ INFO     ┇                       chrisbase.data ┇    # | TrainerArguments      | value
[09.06 06:31:31] ┇ INFO     ┇                       chrisbase.data ┇ -----+-----------------------+------------------------------------------------------------------------------------------------------------------------------------------------------------------------
[09.06 06:31:31] ┇ INFO     ┇                       chrisbase.data ┇    1 | env.project           | DeepKNLU
[09.06 06:31:31] ┇ INFO     ┇                       chrisbase.data ┇    2 | env.job_name          | KPF-BERT
[09.06 06:31:31] ┇ INFO     ┇                       chrisbase.data ┇    3 | env.hostname          | chris137
[09.06 06:31:31] ┇ INFO     ┇                       chrisbase.data ┇    4 | env.hostaddr          | 129.254.164.137
[09.06 06:31:31] ┇ INFO     ┇                       chrisbase.data ┇    5 | env.python_path       | /home/chris/mambaforge/envs/DeepKNLU-23.09/bin/python
[09.06 06:31:31] ┇ INFO     ┇                       chrisbase.data ┇    6 | env.working_path      | /dat/proj/DeepKNLU-23.09
[09.06 06:31:31] ┇ INFO     ┇                       chrisbase.data ┇    7 | env.running_file      | 1-doc-class.py
[09.06 06:31:31] ┇ INFO     ┇                       chrisbase.data ┇    8 | env.command_args      | ['train', '--data-name', 'nsmc', '--seq-len', '256', '--batch-size', '64', '--num-save', '5', '--epochs', '1', '--pretrained', 'pretrained/KPF-BERT', '--device', '1']
[09.06 06:31:31] ┇ INFO     ┇                       chrisbase.data ┇    9 | env.num_ip_addrs      | 1
[09.06 06:31:31] ┇ INFO     ┇                       chrisbase.data ┇   10 | env.max_workers       | 32
[09.06 06:31:31] ┇ INFO     ┇                       chrisbase.data ┇   11 | env.output_home       | finetuning/nsmc
[09.06 06:31:31] ┇ INFO     ┇                       chrisbase.data ┇   12 | env.logging_file      | message-train.out
[09.06 06:31:31] ┇ INFO     ┇                       chrisbase.data ┇   13 | env.argument_file     | arguments-train.json
[09.06 06:31:31] ┇ INFO     ┇                       chrisbase.data ┇   14 | env.debugging         | False
[09.06 06:31:31] ┇ INFO     ┇                       chrisbase.data ┇   15 | env.msg_level         | 20
[09.06 06:31:31] ┇ INFO     ┇                       chrisbase.data ┇   16 | env.msg_format        | %(asctime)s ┇ %(levelname)-8s ┇ %(name)36s ┇ %(message)s
[09.06 06:31:31] ┇ INFO     ┇                       chrisbase.data ┇   17 | env.date_format       | [%m.%d %H:%M:%S]
[09.06 06:31:31] ┇ INFO     ┇                       chrisbase.data ┇   18 | time.started          |
[09.06 06:31:31] ┇ INFO     ┇                       chrisbase.data ┇   19 | time.settled          |
[09.06 06:31:31] ┇ INFO     ┇                       chrisbase.data ┇   20 | time.elapsed          |
[09.06 06:31:31] ┇ INFO     ┇                       chrisbase.data ┇   21 | prog.result           | {}
[09.06 06:31:31] ┇ INFO     ┇                       chrisbase.data ┇   22 | prog.csv_logger       |
[09.06 06:31:31] ┇ INFO     ┇                       chrisbase.data ┇   23 | prog.global_step      | 0
[09.06 06:31:31] ┇ INFO     ┇                       chrisbase.data ┇   24 | prog.global_epoch     | 0.0
[09.06 06:31:31] ┇ INFO     ┇                       chrisbase.data ┇   25 | prog.epoch_per_step   | 0.0
[09.06 06:31:31] ┇ INFO     ┇                       chrisbase.data ┇   26 | data.name             | nsmc
[09.06 06:31:31] ┇ INFO     ┇                       chrisbase.data ┇   27 | data.home             | data
[09.06 06:31:31] ┇ INFO     ┇                       chrisbase.data ┇   28 | data.files            | {'train': 'ratings_train.txt', 'valid': 'ratings_test.txt', 'test': None}
[09.06 06:31:31] ┇ INFO     ┇                       chrisbase.data ┇   29 | data.caching          | False
[09.06 06:31:31] ┇ INFO     ┇                       chrisbase.data ┇   30 | data.redownload       | False
[09.06 06:31:31] ┇ INFO     ┇                       chrisbase.data ┇   31 | data.num_check        | 2
[09.06 06:31:31] ┇ INFO     ┇                       chrisbase.data ┇   32 | model.pretrained      | pretrained/KPF-BERT
[09.06 06:31:31] ┇ INFO     ┇                       chrisbase.data ┇   33 | model.home            | finetuning
[09.06 06:31:31] ┇ INFO     ┇                       chrisbase.data ┇   34 | model.name            | {ep:3.1f}, {val_loss:06.4f}, {val_acc:06.4f}
[09.06 06:31:31] ┇ INFO     ┇                       chrisbase.data ┇   35 | model.seq_len         | 256
[09.06 06:31:31] ┇ INFO     ┇                       chrisbase.data ┇   36 | hardware.cpu_workers  | 32
[09.06 06:31:31] ┇ INFO     ┇                       chrisbase.data ┇   37 | hardware.accelerator  | gpu
[09.06 06:31:31] ┇ INFO     ┇                       chrisbase.data ┇   38 | hardware.batch_size   | 64
[09.06 06:31:31] ┇ INFO     ┇                       chrisbase.data ┇   39 | hardware.precision    | 16-mixed
[09.06 06:31:31] ┇ INFO     ┇                       chrisbase.data ┇   40 | hardware.strategy     | auto
[09.06 06:31:31] ┇ INFO     ┇                       chrisbase.data ┇   41 | hardware.devices      | [1]
[09.06 06:31:31] ┇ INFO     ┇                       chrisbase.data ┇   42 | learning.validate_fmt | loss={val_loss:06.4f}, acc={val_acc:06.4f}
[09.06 06:31:31] ┇ INFO     ┇                       chrisbase.data ┇   43 | learning.validate_on  | 0.1
[09.06 06:31:31] ┇ INFO     ┇                       chrisbase.data ┇   44 | learning.save_by      | max val_acc
[09.06 06:31:31] ┇ INFO     ┇                       chrisbase.data ┇   45 | learning.num_save     | 5
[09.06 06:31:31] ┇ INFO     ┇                       chrisbase.data ┇   46 | learning.epochs       | 1
[09.06 06:31:31] ┇ INFO     ┇                       chrisbase.data ┇   47 | learning.lr           | 5e-05
[09.06 06:31:31] ┇ INFO     ┇                       chrisbase.data ┇   48 | learning.seed         | 7
[09.06 06:31:31] ┇ INFO     ┇                       chrisbase.data ┇ -----------------------------------------------------------------------------------------------------------------------------------------
[09.06 06:31:31] ┇ INFO     ┇      lightning_fabric.utilities.seed ┇ Global seed set to 7
[09.06 06:31:31] ┇ INFO     ┇                             __main__ ┇ -----------------------------------------------------------------------------------------------------------------------------------------
[09.06 06:31:31] ┇ INFO     ┇                   nlpbook.cls.corpus ┇ Creating features from data/nsmc/ratings_train.txt
[09.06 06:31:31] ┇ INFO     ┇                   nlpbook.cls.corpus ┇ Loaded 150000 examples from data/nsmc/ratings_train.txt
[09.06 06:31:47] ┇ INFO     ┇                   nlpbook.cls.corpus ┇   === [Example 1] ===
[09.06 06:31:47] ┇ INFO     ┇                   nlpbook.cls.corpus ┇   = sentence : 아 더빙.. 진짜 짜증나네요 목소리
[09.06 06:31:47] ┇ INFO     ┇                   nlpbook.cls.corpus ┇   = tokens   : [CLS] 아 더 ##빙 . . 진짜 짜증 ##나 ##네 ##요 목소리 [SEP] [PAD] [PAD] [PAD] [PAD] [PAD] [PAD] [PAD] [PAD] [PAD] [PAD] [PAD] [PAD] [PAD] [PAD] [PAD] [PAD] [PAD] [PAD] [PAD] [PAD] [PAD] [PAD] PAD] [PAD] [PAD] [PAD] [PAD] [PAD] [PAD] [PAD] [PAD] [PAD] [PAD] [PAD] [PAD] [PAD] [PAD] [PAD] [PAD] [PAD] [PAD] [PAD] [PAD] [PAD] [PAD] [PAD] [PAD] [PAD] [PAD] [PAD] [PAD] [PAD] [PAD] [PAD] [PAD] [PAD] [PAD] [PAD] [PAD] [PAD] [PAD] [PAD] [PAD] [PAD] [PAD] [PAD] [PAD] [PAD] [PAD] [PAD] [PAD] [PAD] [PAD] [PAD] [PAD] [PAD] [PAD] [PAD] [PAD] [PAD] [PAD] [PAD] [PAD] [PAD] [PAD] [PAD] [PAD] [PAD] [PAD] [PAD] [PAD] [PAD] [PAD] [PAD] [PAD] [PAD] [PAD] [PAD] [PAD] [PAD] [PAD] [PAD] [PAD] [PAD] [PAD] [PAD] [PAD] [PAD] [PAD] [PAD] [PAD] [PAD] [PAD] [PAD] [PAD] [PAD] [PAD] [PAD] [PAD] [PAD] [PAD] [PAD] [PAD] [PAD] [PAD] [PAD] [PAD] [PAD] [PAD] [PAD] [PAD] [PAD] [PAD] [PAD] [PAD] [PAD] [PAD] [PAD] [PAD] [PAD] [PAD] [PAD] [PAD] [PAD] [PAD] [PAD] [PAD] [PAD] [PAD] [PAD] [PAD] [PAD] [PAD] [PAD] [PAD] [PAD] [PAD] [PAD] [PAD] [PAD] [PAD] [PAD] [PAD] [PAD] [PAD] [PAD] [PAD] [PAD] [PAD] [PAD] [PAD] [PAD] [PAD] [PAD] [PAD] [PAD] [PAD] [PAD] [PAD] [PAD] [PAD] [PAD] [PAD] [PAD] [PAD] [PAD] [PAD] [PAD] [PAD] [PAD] [PAD] [PAD] [PAD] [PAD] [PAD] [PAD] [PAD] [PAD] [PAD] [PAD] [PAD] [PAD] [PAD] [PAD] [PAD] [PAD] [PAD] [PAD] [PAD] [PAD] [PAD] [PAD] [PAD] [PAD] [PAD] [PAD] [PAD] [PAD] [PAD] [PAD] [PAD] [PAD] [PAD] [PAD] [PAD] [PAD] [PAD] [PAD] [PAD] [PAD] [PAD] [PAD] [PAD] [PAD] [PAD] [PAD] [PAD] [PAD] [PAD] [PAD] [PAD]
[09.06 06:31:47] ┇ INFO     ┇                   nlpbook.cls.corpus ┇   = label    : 0
[09.06 06:31:47] ┇ INFO     ┇                   nlpbook.cls.corpus ┇   = features : ClassificationFeatures(input_ids=[2, 3579, 2914, 5236, 518, 518, 7496, 13611, 4773, 5142, 4672, 7484, 3, 0, 0, 0, 0, 0, 0, 0, 0, 0, 0, 0, 0, 0, 0, 0, 0, 0, 0, 0, 0, 0, 0, 0, 0, 0, 0, 0, 0, 0, 0, 0, 0, 0, 0, 0, 0, 0, 0, 0, 0, 0, 0, 0, 0, 0, 0, 0, 0, 0, 0, 0, 0, 0, 0, 0, 0, 0, 0, 0, 0, 0, 0, 0, 0, 0, 0, 0, 0, 0, 0, 0, 0, 0, 0, 0, 0, 0, 0, 0, 0, 0, 0, 0, 0, 0, 0, 0, 0, 0, 0, 0, 0, 0, 0, 0, 0, 0, 0, 0, 0, 0, 0, 0, 0, 0, 0, 0, 0, 0, 0, 0, 0, 0, 0, 0, 0, 0, 0, 0, 0, 0, 0, 0, 0, 0, 0, 0, 0, 0, 0, 0, 0, 0, 0, 0, 0, 0, 0, 0, 0, 0, 0, 0, 0, 0, 0, 0, 0, 0, 0, 0, 0, 0, 0, 0, 0, 0, 0, 0, 0, 0, 0, 0, 0, 0, 0, 0, 0, 0, 0, 0, 0, 0, 0, 0, 0, 0, 0, 0, 0, 0, 0, 0, 0, 0, 0, 0, 0, 0, 0, 0, 0, 0, 0, 0, 0, 0, 0, 0, 0, 0, 0, 0, 0, 0, 0, 0, 0, 0, 0, 0, 0, 0, 0, 0, 0, 0, 0, 0, 0, 0, 0, 0, 0, 0, 0, 0, 0, 0, 0, 0, 0, 0, 0, 0, 0, 0, 0, 0, 0, 0, 0, 0], attention_mask=[1, 1, 1, 1, 1, 1, 1, 1, 1, 1, 1, 1, 1, 0, 0, 0, 0, 0, 0, 0, 0, 0, 0, 0, 0, 0, 0, 0, 0, 0, 0, 0, 0, 0, 0, 0, 0, 0, 0, 0, 0, 0, 0, 0, 0, 0, 0, 0, 0, 0, 0, 0, 0, 0, 0, 0, 0, 0, 0, 0, 0, 0, 0, 0, 0, 0, 0, 0, 0, 0, 0, 0, 0, 0, 0, 0, 0, 0, 0, 0, 0, 0, 0, 0, 0, 0, 0, 0, 0, 0, 0, 0, 0, 0, 0, 0, 0, 0, 0, 0, 0, 0, 0, 0, 0, 0, 0, 0, 0, 0, 0, 0, 0, 0, 0, 0, 0, 0, 0, 0, 0, 0, 0, 0, 0, 0, 0, 0, 0, 0, 0, 0, 0, 0, 0, 0, 0, 0, 0, 0, 0, 0, 0, 0, 0, 0, 0, 0, 0, 0, 0, 0, 0, 0, 0, 0, 0, 0, 0, 0, 0, 0, 0, 0, 0, 0, 0, 0, 0, 0, 0, 0, 0, 0, 0, 0, 0, 0, 0, 0, 0, 0, 0, 0, 0, 0, 0, 0, 0, 0, 0, 0, 0, 0, 0, 0, 0, 0, 0, 0, 0, 0, 0, 0, 0, 0, 0, 0, 0, 0, 0, 0, 0, 0, 0, 0, 0, 0, 0, 0, 0, 0, 0, 0, 0, 0, 0, 0, 0, 0, 0, 0, 0, 0, 0, 0, 0, 0, 0, 0, 0, 0, 0, 0, 0, 0, 0, 0, 0, 0, 0, 0, 0, 0, 0, 0], token_type_ids=[0, 0, 0, 0, 0, 0, 0, 0, 0, 0, 0, 0, 0, 0, 0, 0, 0, 0, 0, 0, 0, 0, 0, 0, 0, 0, 0, 0, 0, 0, 0, 0, 0, 0, 0, 0, 0, 0, 0, 0, 0, 0, 0, 0, 0, 0, 0, 0, 0, 0, 0, 0, 0, 0, 0, 0, 0, 0, 0, 0, 0, 0, 0, 0, 0, 0, 0, 0, 0, 0, 0, 0, 0, 0, 0, 0, 0, 0, 0, 0, 0, 0, 0, 0, 0, 0, 0, 0, 0, 0, 0, 0, 0, 0, 0, 0, 0, 0, 0, 0, 0, 0, 0, 0, 0, 0, 0, 0, 0, 0, 0, 0, 0, 0, 0, 0, 0, 0, 0, 0, 0, 0, 0, 0, 0, 0, 0, 0, 0, 0, 0, 0, 0, 0, 0, 0, 0, 0, 0, 0, 0, 0, 0, 0, 0, 0, 0, 0, 0, 0, 0, 0, 0, 0, 0, 0, 0, 0, 0, 0, 0, 0, 0, 0, 0, 0, 0, 0, 0, 0, 0, 0, 0, 0, 0, 0, 0, 0, 0, 0, 0, 0, 0, 0, 0, 0, 0, 0, 0, 0, 0, 0, 0, 0, 0, 0, 0, 0, 0, 0, 0, 0, 0, 0, 0, 0, 0, 0, 0, 0, 0, 0, 0, 0, 0, 0, 0, 0, 0, 0, 0, 0, 0, 0, 0, 0, 0, 0, 0, 0, 0, 0, 0, 0, 0, 0, 0, 0, 0, 0, 0, 0, 0, 0, 0, 0, 0, 0, 0, 0, 0, 0, 0, 0, 0, 0], label=0)
[09.06 06:31:47] ┇ INFO     ┇                   nlpbook.cls.corpus ┇   ===
[09.06 06:31:47] ┇ INFO     ┇                   nlpbook.cls.corpus ┇   === [Example 2] ===
[09.06 06:31:47] ┇ INFO     ┇                   nlpbook.cls.corpus ┇   = sentence : 흠...포스터보고 초딩영화줄....오버연기조차 가볍지 않구나
[09.06 06:31:47] ┇ INFO     ┇                   nlpbook.cls.corpus ┇   = tokens   : [CLS] 흠 . . . 포스터 ##보 ##고 초 ##딩 ##영화 ##줄 . . . . 오버 ##연 ##기 ##조 ##차 가볍 ##지 않 ##구나 [SEP] [PAD] [PAD] [PAD] [PAD] [PAD] [PAD] [PAD] [PAD] [PAD] [PAD] [PAD] [PAD] [PAD] [PPAD] [PAD] [PAD] [PAD] [PAD] [PAD] [PAD] [PAD] [PAD] [PAD] [PAD] [PAD] [PAD] [PAD] [PAD] [PAD] [PAD] [PAD] [PAD] [PAD] [PAD] [PAD] [PAD] [PAD] [PAD] [PAD] [PAD] [PAD] [PAD] [PAD] [PAD] [PAD] [PAD] [PAD] [PAD] [PAD] [PAD] [PAD] [PAD] [PAD] [PAD] [PAD] [PAD] [PAD] [PAD] [PAD] [PAD] [PAD] [PAD] [PAD] [PAD] [PAD] [PAD] [PAD] [PAD] [PAD] [PAD] [PAD] [PAD] [PAD] [PAD] [PAD] [PAD] [PAD] [PAD] [PAD] [PAD] [PAD] [PAD] [PAD] [PAD] [PAD] [PAD] [PAD] [PAD] [PAD] [PAD] [PAD] [PAD] [PAD] [PAD] [PAD] [PAD] [PAD] [PAD] [PAD] [PAD] [PAD] [PAD] [PAD] [PAD] [PAD] [PAD] [PAD] [PAD] [PAD] [PAD] [PAD] [PAD] [PAD] [PAD] [PAD] [PAD] [PAD] [PAD] [PAD] [PAD] [PAD] [PAD] [PAD] [PAD] [PAD] [PAD] [PAD] [PAD] [PAD] [PAD] [PAD] [PAD] [PAD] [PAD] [PAD] [PAD] [PAD] [PAD] [PAD] [PAD] [PAD] [PAD] [PAD] [PAD] [PAD] [PAD] [PAD] [PAD] [PAD] [PAD] [PAD] [PAD] [PAD] [PAD] [PAD] [PAD] [PAD] [PAD] [PAD] [PAD] [PAD] [PAD] [PAD] [PAD] [PAD] [PAD] [PAD] [PAD] [PAD] [PAD] [PAD] [PAD] [PAD] [PAD] [PAD] [PAD] [PAD] [PAD] [PAD] [PAD] [PAD] [PAD] [PAD] [PAD] [PAD] [PAD] [PAD] [PAD] [PAD] [PAD] [PAD] [PAD] [PAD] [PAD] [PAD] [PAD] [PAD] [PAD] [PAD] [PAD] [PAD] [PAD] [PAD] [PAD] [PAD] [PAD] [PAD] [PAD] [PAD] [PAD] [PAD] [PAD] [PAD] [PAD] [PAD] [PAD] [PAD] [PAD] [PAD] [PAD] [PAD] [PAD] [PAD] [PAD] [PAD] [PAD]
[09.06 06:31:47] ┇ INFO     ┇                   nlpbook.cls.corpus ┇   = label    : 1
[09.06 06:31:47] ┇ INFO     ┇                   nlpbook.cls.corpus ┇   = features : ClassificationFeatures(input_ids=[2, 4326, 518, 518, 518, 15104, 4557, 4658, 3947, 5051, 20088, 5202, 518, 518, 518, 518, 13422, 4855, 4655, 4872, 4966, 10181, 4760, 3583, 9507, 3, 0, 0, 0, 0, 0, 0, 0, 0, 0, 0, 0, 0, 0, 0, 0, 0, 0, 0, 0, 0, 0, 0, 0, 0, 0, 0, 0, 0, 0, 0, 0, 0, 0, 0, 0, 0, 0, 0, 0, 0, 0, 0, 0, 0, 0, 0, 0, 0, 0, 0, 0, 0, 0, 0, 0, 0, 0, 0, 0, 0, 0, 0, 0, 0, 0, 0, 0, 0, 0, 0, 0, 0, 0, 0, 0, 0, 0, 0, 0, 0, 0, 0, 0, 0, 0, 0, 0, 0, 0, 0, 0, 0, 0, 0, 0, 0, 0, 0, 0, 0, 0, 0, 0, 0, 0, 0, 0, 0, 0, 0, 0, 0, 0, 0, 0, 0, 0, 0, 0, 0, 0, 0, 0, 0, 0, 0, 0, 0, 0, 0, 0, 0, 0, 0, 0, 0, 0, 0, 0, 0, 0, 0, 0, 0, 0, 0, 0, 0, 0, 0, 0, 0, 0, 0, 0, 0, 0, 0, 0, 0, 0, 0, 0, 0, 0, 0, 0, 0, 0, 0, 0, 0, 0, 0, 0, 0, 0, 0, 0, 0, 0, 0, 0, 0, 0, 0, 0, 0, 0, 0, 0, 0, 0, 0, 0, 0, 0, 0, 0, 0, 0, 0, 0, 0, 0, 0, 0, 0, 0, 0, 0, 0, 0, 0, 0, 0, 0, 0, 0, 0, 0, 0, 0, 0, 0, 0, 0, 0, 0, 0], attention_mask=[1, 1, 1, 1, 1, 1, 1, 1, 1, 1, 1, 1, 1, 1, 1, 1, 1, 1, 1, 1, 1, 1, 1, 1, 1, 1, 0, 0, 0, 0, 0, 0, 0, 0, 0, 0, 0, 0, 0, 0, 0, 0, 0, 0, 0, 0, 0, 0, 0, 0, 0, 0, 0, 0, 0, 0, 0, 0, 0, 0, 0, 0, 0, 0, 0, 0, 0, 0, 0, 0, 0, 0, 0, 0, 0, 0, 0, 0, 0, 0, 0, 0, 0, 0, 0, 0, 0, 0, 0, 0, 0, 0, 0, 0, 0, 0, 0, 0, 0, 0, 0, 0, 0, 0, 0, 0, 0, 0, 0, 0, 0, 0, 0, 0, 0, 0, 0, 0, 0, 0, 0, 0, 0, 0, 0, 0, 0, 0, 0, 0, 0, 0, 0, 0, 0, 0, 0, 0, 0, 0, 0, 0, 0, 0, 0, 0, 0, 0, 0, 0, 0, 0, 0, 0, 0, 0, 0, 0, 0, 0, 0, 0, 0, 0, 0, 0, 0, 0, 0, 0, 0, 0, 0, 0, 0, 0, 0, 0, 0, 0, 0, 0, 0, 0, 0, 0, 0, 0, 0, 0, 0, 0, 0, 0, 0, 0, 0, 0, 0, 0, 0, 0, 0, 0, 0, 0, 0, 0, 0, 0, 0, 0, 0, 0, 0, 0, 0, 0, 0, 0, 0, 0, 0, 0, 0, 0, 0, 0, 0, 0, 0, 0, 0, 0, 0, 0, 0, 0, 0, 0, 0, 0, 0, 0, 0, 0, 0, 0, 0, 0, 0, 0, 0, 0, 0, 0], token_type_ids=[0, 0, 0, 0, 0, 0, 0, 0, 0, 0, 0, 0, 0, 0, 0, 0, 0, 0, 0, 0, 0, 0, 0, 0, 0, 0, 0, 0, 0, 0, 0, 0, 0, 0, 0, 0, 0, 0, 0, 0, 0, 0, 0, 0, 0, 0, 0, 0, 0, 0, 0, 0, 0, 0, 0, 0, 0, 0, 0, 0, 0, 0, 0, 0, 0, 0, 0, 0, 0, 0, 0, 0, 0, 0, 0, 0, 0, 0, 0, 0, 0, 0, 0, 0, 0, 0, 0, 0, 0, 0, 0, 0, 0, 0, 0, 0, 0, 0, 0, 0, 0, 0, 0, 0, 0, 0, 0, 0, 0, 0, 0, 0, 0, 0, 0, 0, 0, 0, 0, 0, 0, 0, 0, 0, 0, 0, 0, 0, 0, 0, 0, 0, 0, 0, 0, 0, 0, 0, 0, 0, 0, 0, 0, 0, 0, 0, 0, 0, 0, 0, 0, 0, 0, 0, 0, 0, 0, 0, 0, 0, 0, 0, 0, 0, 0, 0, 0, 0, 0, 0, 0, 0, 0, 0, 0, 0, 0, 0, 0, 0, 0, 0, 0, 0, 0, 0, 0, 0, 0, 0, 0, 0, 0, 0, 0, 0, 0, 0, 0, 0, 0, 0, 0, 0, 0, 0, 0, 0, 0, 0, 0, 0, 0, 0, 0, 0, 0, 0, 0, 0, 0, 0, 0, 0, 0, 0, 0, 0, 0, 0, 0, 0, 0, 0, 0, 0, 0, 0, 0, 0, 0, 0, 0, 0, 0, 0, 0, 0, 0, 0, 0, 0, 0, 0, 0, 0], label=1)
[09.06 06:31:47] ┇ INFO     ┇                   nlpbook.cls.corpus ┇   ===
[09.06 06:31:47] ┇ INFO     ┇                   nlpbook.cls.corpus ┇ Converted 150000 raw examples to 150000 encoded examples
[09.06 06:31:49] ┇ INFO     ┇                             __main__ ┇ Created train_dataset providing 150000 examples
[09.06 06:31:49] ┇ INFO     ┇                             __main__ ┇ Created train_dataloader providing 2344 batches
[09.06 06:31:49] ┇ INFO     ┇                             __main__ ┇ -----------------------------------------------------------------------------------------------------------------------------------------
[09.06 06:31:49] ┇ INFO     ┇                   nlpbook.cls.corpus ┇ Creating features from data/nsmc/ratings_test.txt
[09.06 06:31:50] ┇ INFO     ┇                   nlpbook.cls.corpus ┇ Loaded 50000 examples from data/nsmc/ratings_test.txt
[09.06 06:31:55] ┇ INFO     ┇                   nlpbook.cls.corpus ┇   === [Example 1] ===
[09.06 06:31:55] ┇ INFO     ┇                   nlpbook.cls.corpus ┇   = sentence : 굳 ㅋ
[09.06 06:31:55] ┇ INFO     ┇                   nlpbook.cls.corpus ┇   = tokens   : [CLS] 굳 ㅋ [SEP] [PAD] [PAD] [PAD] [PAD] [PAD] [PAD] [PAD] [PAD] [PAD] [PAD] [PAD] [PAD] [PAD] [PAD] [PAD] [PAD] [PAD] [PAD] [PAD] [PAD] [PAD] [PAD] [PAD] [PAD] [PAD] [PAD] [PAD] [PAD] [PAD]PAD] [PAD] [PAD] [PAD] [PAD] [PAD] [PAD] [PAD] [PAD] [PAD] [PAD] [PAD] [PAD] [PAD] [PAD] [PAD] [PAD] [PAD] [PAD] [PAD] [PAD] [PAD] [PAD] [PAD] [PAD] [PAD] [PAD] [PAD] [PAD] [PAD] [PAD] [PAD] [PAD] [PAD] [PAD] [PAD] [PAD] [PAD] [PAD] [PAD] [PAD] [PAD] [PAD] [PAD] [PAD] [PAD] [PAD] [PAD] [PAD] [PAD] [PAD] [PAD] [PAD] [PAD] [PAD] [PAD] [PAD] [PAD] [PAD] [PAD] [PAD] [PAD] [PAD] [PAD] [PAD] [PAD] [PAD] [PAD] [PAD] [PAD] [PAD] [PAD] [PAD] [PAD] [PAD] [PAD] [PAD] [PAD] [PAD] [PAD] [PAD] [PAD] [PAD] [PAD] [PAD] [PAD] [PAD] [PAD] [PAD] [PAD] [PAD] [PAD] [PAD] [PAD] [PAD] [PAD] [PAD] [PAD] [PAD] [PAD] [PAD] [PAD] [PAD] [PAD] [PAD] [PAD] [PAD] [PAD] [PAD] [PAD] [PAD] [PAD] [PAD] [PAD] [PAD] [PAD] [PAD] [PAD] [PAD] [PAD] [PAD] [PAD] [PAD] [PAD] [PAD] [PAD] [PAD] [PAD] [PAD] [PAD] [PAD] [PAD] [PAD] [PAD] [PAD] [PAD] [PAD] [PAD] [PAD] [PAD] [PAD] [PAD] [PAD] [PAD] [PAD] [PAD] [PAD] [PAD] [PAD] [PAD] [PAD] [PAD] [PAD] [PAD] [PAD] [PAD] [PAD] [PAD] [PAD] [PAD] [PAD] [PAD] [PAD] [PAD] [PAD] [PAD] [PAD] [PAD] [PAD] [PAD] [PAD] [PAD] [PAD] [PAD] [PAD] [PAD] [PAD] [PAD] [PAD] [PAD] [PAD] [PAD] [PAD] [PAD] [PAD] [PAD] [PAD] [PAD] [PAD] [PAD] [PAD] [PAD] [PAD] [PAD] [PAD] [PAD] [PAD] [PAD] [PAD] [PAD] [PAD] [PAD] [PAD] [PAD] [PAD] [PAD] [PAD] [PAD] [PAD] [PAD] [PAD] [PAD] [PAD] [PAD] [PAD] [PAD] [PAD] [PAD] [PAD] [PAD] [PAD] [PAD] [PAD]
[09.06 06:31:55] ┇ INFO     ┇                   nlpbook.cls.corpus ┇   = label    : 1
[09.06 06:31:55] ┇ INFO     ┇                   nlpbook.cls.corpus ┇   = features : ClassificationFeatures(input_ids=[2, 2653, 956, 3, 0, 0, 0, 0, 0, 0, 0, 0, 0, 0, 0, 0, 0, 0, 0, 0, 0, 0, 0, 0, 0, 0, 0, 0, 0, 0, 0, 0, 0, 0, 0, 0, 0, 0, 0, 0, 0, 0, 0, 0, 0, 0, 0, 0, 0, 0, 0, 0, 0, 0, 0, 0, 0, 0, 0, 0, 0, 0, 0, 0, 0, 0, 0, 0, 0, 0, 0, 0, 0, 0, 0, 0, 0, 0, 0, 0, 0, 0, 0, 0, 0, 0, 0, 0, 0, 0, 0, 0, 0, 0, 0, 0, 0, 0, 0, 0, 0, 0, 0, 0, 0, 0, 0, 0, 0, 0, 0, 0, 0, 0, 0, 0, 0, 0, 0, 0, 0, 0, 0, 0, 0, 0, 0, 0, 0, 0, 0, 0, 0, 0, 0, 0, 0, 0, 0, 0, 0, 0, 0, 0, 0, 0, 0, 0, 0, 0, 0, 0, 0, 0, 0, 0, 0, 0, 0, 0, 0, 0, 0, 0, 0, 0, 0, 0, 0, 0, 0, 0, 0, 0, 0, 0, 0, 0, 0, 0, 0, 0, 0, 0, 0, 0, 0, 0, 0, 0, 0, 0, 0, 0, 0, 0, 0, 0, 0, 0, 0, 0, 0, 0, 0, 0, 0, 0, 0, 0, 0, 0, 0, 0, 0, 0, 0, 0, 0, 0, 0, 0, 0, 0, 0, 0, 0, 0, 0, 0, 0, 0, 0, 0, 0, 0, 0, 0, 0, 0, 0, 0, 0, 0, 0, 0, 0, 0, 0, 0, 0, 0, 0, 0, 0, 0], attention_mask=[1, 1, 1, 1, 0, 0, 0, 0, 0, 0, 0, 0, 0, 0, 0, 0, 0, 0, 0, 0, 0, 0, 0, 0, 0, 0, 0, 0, 0, 0, 0, 0, 0, 0, 0, 0, 0, 0, 0, 0, 0, 0, 0, 0, 0, 0, 0, 0, 0, 0, 0, 0, 0, 0, 0, 0, 0, 0, 0, 0, 0, 0, 0, 0, 0, 0, 0, 0, 0, 0, 0, 0, 0, 0, 0, 0, 0, 0, 0, 0, 0, 0, 0, 0, 0, 0, 0, 0, 0, 0, 0, 0, 0, 0, 0, 0, 0, 0, 0, 0, 0, 0, 0, 0, 0, 0, 0, 0, 0, 0, 0, 0, 0, 0, 0, 0, 0, 0, 0, 0, 0, 0, 0, 0, 0, 0, 0, 0, 0, 0, 0, 0, 0, 0, 0, 0, 0, 0, 0, 0, 0, 0, 0, 0, 0, 0, 0, 0, 0, 0, 0, 0, 0, 0, 0, 0, 0, 0, 0, 0, 0, 0, 0, 0, 0, 0, 0, 0, 0, 0, 0, 0, 0, 0, 0, 0, 0, 0, 0, 0, 0, 0, 0, 0, 0, 0, 0, 0, 0, 0, 0, 0, 0, 0, 0, 0, 0, 0, 0, 0, 0, 0, 0, 0, 0, 0, 0, 0, 0, 0, 0, 0, 0, 0, 0, 0, 0, 0, 0, 0, 0, 0, 0, 0, 0, 0, 0, 0, 0, 0, 0, 0, 0, 0, 0, 0, 0, 0, 0, 0, 0, 0, 0, 0, 0, 0, 0, 0, 0, 0, 0, 0, 0, 0, 0, 0], token_type_ids=[0, 0, 0, 0, 0, 0, 0, 0, 0, 0, 0, 0, 0, 0, 0, 0, 0, 0, 0, 0, 0, 0, 0, 0, 0, 0, 0, 0, 0, 0, 0, 0, 0, 0, 0, 0, 0, 0, 0, 0, 0, 0, 0, 0, 0, 0, 0, 0, 0, 0, 0, 0, 0, 0, 0, 0, 0, 0, 0, 0, 0, 0, 0, 0, 0, 0, 0, 0, 0, 0, 0, 0, 0, 0, 0, 0, 0, 0, 0, 0, 0, 0, 0, 0, 0, 0, 0, 0, 0, 0, 0, 0, 0, 0, 0, 0, 0, 0, 0, 0, 0, 0, 0, 0, 0, 0, 0, 0, 0, 0, 0, 0, 0, 0, 0, 0, 0, 0, 0, 0, 0, 0, 0, 0, 0, 0, 0, 0, 0, 0, 0, 0, 0, 0, 0, 0, 0, 0, 0, 0, 0, 0, 0, 0, 0, 0, 0, 0, 0, 0, 0, 0, 0, 0, 0, 0, 0, 0, 0, 0, 0, 0, 0, 0, 0, 0, 0, 0, 0, 0, 0, 0, 0, 0, 0, 0, 0, 0, 0, 0, 0, 0, 0, 0, 0, 0, 0, 0, 0, 0, 0, 0, 0, 0, 0, 0, 0, 0, 0, 0, 0, 0, 0, 0, 0, 0, 0, 0, 0, 0, 0, 0, 0, 0, 0, 0, 0, 0, 0, 0, 0, 0, 0, 0, 0, 0, 0, 0, 0, 0, 0, 0, 0, 0, 0, 0, 0, 0, 0, 0, 0, 0, 0, 0, 0, 0, 0, 0, 0, 0, 0, 0, 0, 0, 0, 0], label=1)
[09.06 06:31:55] ┇ INFO     ┇                   nlpbook.cls.corpus ┇   ===
[09.06 06:31:55] ┇ INFO     ┇                   nlpbook.cls.corpus ┇   === [Example 2] ===
[09.06 06:31:55] ┇ INFO     ┇                   nlpbook.cls.corpus ┇   = sentence : GDNTOPCLASSINTHECLUB
[09.06 06:31:55] ┇ INFO     ┇                   nlpbook.cls.corpus ┇   = tokens   : [CLS] GD ##NT ##O ##P ##C ##LA ##SS ##IN ##T ##H ##EC ##L ##U ##B [SEP] [PAD] [PAD] [PAD] [PAD] [PAD] [PAD] [PAD] [PAD] [PAD] [PAD] [PAD] [PAD] [PAD] [PAD] [PAD] [PAD] [PAD] [PAD] [PAD] [PAD] [PAD] [PAD] [PAD] [PAD] [PAD] [PAD] [PAD] [PAD] [PAD] [PAD] [PAD] [PAD] [PAD] [PAD] [PAD] [PAD] [PAD] [PAD] [PAD] [PAD] [PAD] [PAD] [PAD] [PAD] [PAD] [PAD] [PAD] [PAD] [PAD] [PAD] [PAD] [PAD] [PAD] [PAD] [PAD] [PAD] [PAD] [PAD] [PAD] [PAD] [PAD] [PAD] [PAD] [PAD] [PAD] [PAD] [PAD] [PAD] [PAD] [PAD] [PAD] [PAD] [PAD] [PAD] [PAD] [PAD] [PAD] [PAD] [PAD] [PAD] [PAD] [PAD] [PAD] [PAD] [PAD] [PAD] [PAD] [PAD] [PAD] [PAD] [PAD] [PAD] [PAD] [PAD] [PAD] [PAD] [PAD] [PAD] [PAD] [PAD] [PAD] [PAD] [PAD] [PAD] [PAD] [PAD] [PAD] [PAD] [PAD] [PAD] [PAD] [PAD] [PAD] [PAD] [PAD] [PAD] [PAD] [PAD] [PAD] [PAD] [PAD] [PAD] [PAD] [PAD] [PAD] [PAD] [PAD] [PAD] [PAD] [PAD] [PAD] [PAD] [PAD] [PAD] [PAD] [PAD] [PAD] [PAD] [PAD] [PAD] [PAD] [PAD] [PAD] [PAD] [PAD] [PAD] [PAD] [PAD] [PAD] [PAD] [PAD] [PAD] [PAD] [PAD] [PAD] [PAD] [PAD] [PAD] [PAD] [PAD] [PAD] [PAD] [PAD] [PAD] [PAD] [PAD] [PAD] [PAD] [PAD] [PAD] [PAD] [PAD] [PAD] [PAD] [PAD] [PAD] [PAD] [PAD] [PAD] [PAD] [PAD] [PAD] [PAD] [PAD] [PAD] [PAD] [PAD] [PAD] [PAD] [PAD] [PAD] [PAD] [PAD] [PAD] [PAD] [PAD] [PAD] [PAD] [PAD] [PAD] [PAD] [PAD] [PAD] [PAD] [PAD] [PAD] [PAD] [PAD] [PAD] [PAD] [PAD] [PAD] [PAD] [PAD] [PAD] [PAD] [PAD] [PAD] [PAD] [PAD] [PAD] [PAD] [PAD] [PAD] [PAD] [PAD] [PAD] [PAD] [PAD] [PAD] [PAD] [PAD] [PAD] [PAD] [PAD] [PAD] [PAD] [PAD] [PAD] [PAD]
[09.06 06:31:55] ┇ INFO     ┇                   nlpbook.cls.corpus ┇   = label    : 0
[09.06 06:31:55] ┇ INFO     ┇                   nlpbook.cls.corpus ┇   = features : ClassificationFeatures(input_ids=[2, 35940, 29794, 4561, 4562, 4529, 21569, 33254, 15203, 4720, 4783, 10502, 4651, 4840, 4563, 3, 0, 0, 0, 0, 0, 0, 0, 0, 0, 0, 0, 0, 0, 0, 0, 0, 0, 0, 0, 0, 0, 0, 0, 0, 0, 0, 0, 0, 0, 0, 0, 0, 0, 0, 0, 0, 0, 0, 0, 0, 0, 0, 0, 0, 0, 0, 0, 0, 0, 0, 0, 0, 0, 0, 0, 0, 0, 0, 0, 0, 0, 0, 0, 0, 0, 0, 0, 0, 0, 0, 0, 0, 0, 0, 0, 0, 0, 0, 0, 0, 0, 0, 0, 0, 0, 0, 0, 0, 0, 0, 0, 0, 0, 0, 0, 0, 0, 0, 0, 0, 0, 0, 0, 0, 0, 0, 0, 0, 0, 0, 0, 0, 0, 0, 0, 0, 0, 0, 0, 0, 0, 0, 0, 0, 0, 0, 0, 0, 0, 0, 0, 0, 0, 0, 0, 0, 0, 0, 0, 0, 0, 0, 0, 0, 0, 0, 0, 0, 0, 0, 0, 0, 0, 0, 0, 0, 0, 0, 0, 0, 0, 0, 0, 0, 0, 0, 0, 0, 0, 0, 0, 0, 0, 0, 0, 0, 0, 0, 0, 0, 0, 0, 0, 0, 0, 0, 0, 0, 0, 0, 0, 0, 0, 0, 0, 0, 0, 0, 0, 0, 0, 0, 0, 0, 0, 0, 0, 0, 0, 0, 0, 0, 0, 0, 0, 0, 0, 0, 0, 0, 0, 0, 0, 0, 0, 0, 0, 0, 0, 0, 0, 0, 0, 0, 0, 0, 0, 0, 0, 0], attention_mask=[1, 1, 1, 1, 1, 1, 1, 1, 1, 1, 1, 1, 1, 1, 1, 1, 0, 0, 0, 0, 0, 0, 0, 0, 0, 0, 0, 0, 0, 0, 0, 0, 0, 0, 0, 0, 0, 0, 0, 0, 0, 0, 0, 0, 0, 0, 0, 0, 0, 0, 0, 0, 0, 0, 0, 0, 0, 0, 0, 0, 0, 0, 0, 0, 0, 0, 0, 0, 0, 0, 0, 0, 0, 0, 0, 0, 0, 0, 0, 0, 0, 0, 0, 0, 0, 0, 0, 0, 0, 0, 0, 0, 0, 0, 0, 0, 0, 0, 0, 0, 0, 0, 0, 0, 0, 0, 0, 0, 0, 0, 0, 0, 0, 0, 0, 0, 0, 0, 0, 0, 0, 0, 0, 0, 0, 0, 0, 0, 0, 0, 0, 0, 0, 0, 0, 0, 0, 0, 0, 0, 0, 0, 0, 0, 0, 0, 0, 0, 0, 0, 0, 0, 0, 0, 0, 0, 0, 0, 0, 0, 0, 0, 0, 0, 0, 0, 0, 0, 0, 0, 0, 0, 0, 0, 0, 0, 0, 0, 0, 0, 0, 0, 0, 0, 0, 0, 0, 0, 0, 0, 0, 0, 0, 0, 0, 0, 0, 0, 0, 0, 0, 0, 0, 0, 0, 0, 0, 0, 0, 0, 0, 0, 0, 0, 0, 0, 0, 0, 0, 0, 0, 0, 0, 0, 0, 0, 0, 0, 0, 0, 0, 0, 0, 0, 0, 0, 0, 0, 0, 0, 0, 0, 0, 0, 0, 0, 0, 0, 0, 0, 0, 0, 0, 0, 0, 0], token_type_ids=[0, 0, 0, 0, 0, 0, 0, 0, 0, 0, 0, 0, 0, 0, 0, 0, 0, 0, 0, 0, 0, 0, 0, 0, 0, 0, 0, 0, 0, 0, 0, 0, 0, 0, 0, 0, 0, 0, 0, 0, 0, 0, 0, 0, 0, 0, 0, 0, 0, 0, 0, 0, 0, 0, 0, 0, 0, 0, 0, 0, 0, 0, 0, 0, 0, 0, 0, 0, 0, 0, 0, 0, 0, 0, 0, 0, 0, 0, 0, 0, 0, 0, 0, 0, 0, 0, 0, 0, 0, 0, 0, 0, 0, 0, 0, 0, 0, 0, 0, 0, 0, 0, 0, 0, 0, 0, 0, 0, 0, 0, 0, 0, 0, 0, 0, 0, 0, 0, 0, 0, 0, 0, 0, 0, 0, 0, 0, 0, 0, 0, 0, 0, 0, 0, 0, 0, 0, 0, 0, 0, 0, 0, 0, 0, 0, 0, 0, 0, 0, 0, 0, 0, 0, 0, 0, 0, 0, 0, 0, 0, 0, 0, 0, 0, 0, 0, 0, 0, 0, 0, 0, 0, 0, 0, 0, 0, 0, 0, 0, 0, 0, 0, 0, 0, 0, 0, 0, 0, 0, 0, 0, 0, 0, 0, 0, 0, 0, 0, 0, 0, 0, 0, 0, 0, 0, 0, 0, 0, 0, 0, 0, 0, 0, 0, 0, 0, 0, 0, 0, 0, 0, 0, 0, 0, 0, 0, 0, 0, 0, 0, 0, 0, 0, 0, 0, 0, 0, 0, 0, 0, 0, 0, 0, 0, 0, 0, 0, 0, 0, 0, 0, 0, 0, 0, 0, 0], label=0)
[09.06 06:31:55] ┇ INFO     ┇                   nlpbook.cls.corpus ┇   ===
[09.06 06:31:55] ┇ INFO     ┇                   nlpbook.cls.corpus ┇ Converted 50000 raw examples to 50000 encoded examples
[09.06 06:31:56] ┇ INFO     ┇                             __main__ ┇ Created valid_dataset providing 50000 examples
[09.06 06:31:56] ┇ INFO     ┇                             __main__ ┇ Created valid_dataloader providing 782 batches
[09.06 06:31:56] ┇ INFO     ┇                             __main__ ┇ -----------------------------------------------------------------------------------------------------------------------------------------
[09.06 06:31:57] ┇ WARNING  ┇          transformers.modeling_utils ┇ Some weights of the model checkpoint at pretrained/KPF-BERT were not used when initializing BertForSequenceClassification: ['cls.predictions.transform.dense.bias', 'cls.predictions.transform.LayerNorm.bias', 'cls.predictions.transform.LayerNorm.weight', 'cls.predictions.decoder.bias', 'cls.predictions.transform.dense.weight', 'cls.predictions.decoder.weight', 'cls.predictions.bias']
- This IS expected if you are initializing BertForSequenceClassification from the checkpoint of a model trained on another task or with another architecture (e.g. initializing a BertForSequenceClassification model from a BertForPreTraining model).
- This IS NOT expected if you are initializing BertForSequenceClassification from the checkpoint of a model that you expect to be exactly identical (initializing a BertForSequenceClassification model from a BertForSequenceClassification model).
[09.06 06:31:57] ┇ WARNING  ┇          transformers.modeling_utils ┇ Some weights of BertForSequenceClassification were not initialized from the model checkpoint at pretrained/KPF-BERT and are newly initialized: ['bert.pooler.dense.weight', 'bert.pooler.dense.bias', 'classifier.weight', 'classifier.bias']
You should probably TRAIN this model on a down-stream task to be able to use it for predictions and inference.
[09.06 06:31:57] ┇ INFO     ┇                             __main__ ┇ -----------------------------------------------------------------------------------------------------------------------------------------
[09.06 06:31:57] ┇ INFO     ┇ pytorch_lightning.utilities.rank_zero ┇ Using 16bit Automatic Mixed Precision (AMP)
[09.06 06:31:57] ┇ INFO     ┇ pytorch_lightning.utilities.rank_zero ┇ GPU available: True (cuda), used: True
[09.06 06:31:57] ┇ INFO     ┇ pytorch_lightning.utilities.rank_zero ┇ TPU available: False, using: 0 TPU cores
[09.06 06:31:57] ┇ INFO     ┇ pytorch_lightning.utilities.rank_zero ┇ IPU available: False, using: 0 IPUs
[09.06 06:31:57] ┇ INFO     ┇ pytorch_lightning.utilities.rank_zero ┇ HPU available: False, using: 0 HPUs
/home/chris/mambaforge/envs/DeepKNLU-23.09/lib/python3.10/site-packages/lightning_fabric/loggers/csv_logs.py:195: UserWarning: Experiment logs directory finetuning/nsmc/train-KPF-BERT-0906.063157 exists and is not empty. Previous log files in this directory will be deleted when the new ones are saved!
  rank_zero_warn(
/home/chris/mambaforge/envs/DeepKNLU-23.09/lib/python3.10/site-packages/pytorch_lightning/callbacks/model_checkpoint.py:617: UserWarning: Checkpoint directory /dat/proj/DeepKNLU-23.09/finetuning/nsmc/train-KPF-BERT-0906.063157 exists and is not empty.
  rank_zero_warn(f"Checkpoint directory {dirpath} exists and is not empty.")
[09.06 06:31:57] ┇ INFO     ┇  pytorch_lightning.accelerators.cuda ┇ LOCAL_RANK: 0 - CUDA_VISIBLE_DEVICES: [0,1,2,3]
[09.06 06:31:57] ┇ INFO     ┇ pytorch_lightning.callbacks.model_summary ┇
  | Name  | Type                          | Params
--------------------------------------------------------
0 | model | BertForSequenceClassification | 114 M
--------------------------------------------------------
114 M     Trainable params
0         Non-trainable params
114 M     Total params
456.115   Total estimated model params size (MB)
Epoch 0: 100%|██████████████████████████████████████████████████████████████████████████████████████████████████████████████████████████████████████████| 2344/2344 [39:40<00:00,  1.02s/it, v_num=3157, ep=1.000, lr=4.5e-5, loss=0.288, acc=0.896, val_loss=0.237, val_acc=0.905]
[09.06 07:11:38] ┇ INFO     ┇ pytorch_lightning.utilities.rank_zero ┇ `Trainer.fit` stopped: `max_epochs=1` reached.
Epoch 0: 100%|██████████████████████████████████████████████████████████████████████████████████████████████████████████████████████████████████████████| 2344/2344 [39:40<00:00,  1.02s/it, v_num=3157, ep=1.000, lr=4.5e-5, loss=0.288, acc=0.896, val_loss=0.237, val_acc=0.905]
[09.06 07:11:41] ┇ INFO     ┇                       chrisbase.data ┇ =========================================================================================================================================
[09.06 07:11:41] ┇ INFO     ┇                       chrisbase.data ┇ [EXIT] python 1-doc-class.py train --data-name nsmc --seq-len 256 --batch-size 64 --num-save 5 --epochs 1 --pretrained pretrained/KPF-BERT --device 1 ($=00:40:09.753)
[09.06 07:11:41] ┇ INFO     ┇                       chrisbase.data ┇ =========================================================================================================================================
(DeepKNLU-23.09) chris@chris137:/dat/proj/DeepKNLU-23.09$

