(DeepKNLU-23.09) chrisjihee@ptlm3:~/proj/DeepKNLU-23.09$ python 1-doc-class.py train --data-name nsmc --seq-len 256 --batch-size 64 --num-save 5 --epochs 3 --pretrained pretrained/KLUE-BERT --device 2
[09.06 03:57:28] ┇ INFO     ┇                       chrisbase.data ┇ =========================================================================================================================================
[09.06 03:57:28] ┇ INFO     ┇                       chrisbase.data ┇ [INIT] python 1-doc-class.py train --data-name nsmc --seq-len 256 --batch-size 64 --num-save 5 --epochs 3 --pretrained pretrained/KLUE-BERT --device 2
[09.06 03:57:28] ┇ INFO     ┇                       chrisbase.data ┇ =========================================================================================================================================
[09.06 03:57:29] ┇ INFO     ┇                       chrisbase.data ┇    # | TrainerArguments      | value
[09.06 03:57:29] ┇ INFO     ┇                       chrisbase.data ┇ -----+-----------------------+-------------------------------------------------------------------------------------------------------------------------------------------------------------------------
[09.06 03:57:29] ┇ INFO     ┇                       chrisbase.data ┇    1 | env.project           | DeepKNLU
[09.06 03:57:29] ┇ INFO     ┇                       chrisbase.data ┇    2 | env.job_name          | KLUE-BERT
[09.06 03:57:29] ┇ INFO     ┇                       chrisbase.data ┇    3 | env.hostname          | ptlm3
[09.06 03:57:29] ┇ INFO     ┇                       chrisbase.data ┇    4 | env.hostaddr          | 129.254.121.74
[09.06 03:57:29] ┇ INFO     ┇                       chrisbase.data ┇    5 | env.python_path       | /home/chrisjihee/mambaforge/envs/DeepKNLU-23.09/bin/python
[09.06 03:57:29] ┇ INFO     ┇                       chrisbase.data ┇    6 | env.working_path      | /home/chrisjihee/proj/DeepKNLU-23.09
[09.06 03:57:29] ┇ INFO     ┇                       chrisbase.data ┇    7 | env.running_file      | 1-doc-class.py
[09.06 03:57:29] ┇ INFO     ┇                       chrisbase.data ┇    8 | env.command_args      | ['train', '--data-name', 'nsmc', '--seq-len', '256', '--batch-size', '64', '--num-save', '5', '--epochs', '3', '--pretrained', 'pretrained/KLUE-BERT', '--device', '2']
[09.06 03:57:29] ┇ INFO     ┇                       chrisbase.data ┇    9 | env.num_ip_addrs      | 1
[09.06 03:57:29] ┇ INFO     ┇                       chrisbase.data ┇   10 | env.max_workers       | 32
[09.06 03:57:29] ┇ INFO     ┇                       chrisbase.data ┇   11 | env.output_home       | finetuning/nsmc
[09.06 03:57:29] ┇ INFO     ┇                       chrisbase.data ┇   12 | env.logging_file      | message-train.out
[09.06 03:57:29] ┇ INFO     ┇                       chrisbase.data ┇   13 | env.argument_file     | arguments-train.json
[09.06 03:57:29] ┇ INFO     ┇                       chrisbase.data ┇   14 | env.debugging         | False
[09.06 03:57:29] ┇ INFO     ┇                       chrisbase.data ┇   15 | env.msg_level         | 20
[09.06 03:57:29] ┇ INFO     ┇                       chrisbase.data ┇   16 | env.msg_format        | %(asctime)s ┇ %(levelname)-8s ┇ %(name)36s ┇ %(message)s
[09.06 03:57:29] ┇ INFO     ┇                       chrisbase.data ┇   17 | env.date_format       | [%m.%d %H:%M:%S]
[09.06 03:57:29] ┇ INFO     ┇                       chrisbase.data ┇   18 | time.started          |
[09.06 03:57:29] ┇ INFO     ┇                       chrisbase.data ┇   19 | time.settled          |
[09.06 03:57:29] ┇ INFO     ┇                       chrisbase.data ┇   20 | time.elapsed          |
[09.06 03:57:29] ┇ INFO     ┇                       chrisbase.data ┇   21 | prog.result           | {}
[09.06 03:57:29] ┇ INFO     ┇                       chrisbase.data ┇   22 | prog.csv_logger       |
[09.06 03:57:29] ┇ INFO     ┇                       chrisbase.data ┇   23 | prog.global_step      | 0
[09.06 03:57:29] ┇ INFO     ┇                       chrisbase.data ┇   24 | prog.global_epoch     | 0.0
[09.06 03:57:29] ┇ INFO     ┇                       chrisbase.data ┇   25 | prog.epoch_per_step   | 0.0
[09.06 03:57:29] ┇ INFO     ┇                       chrisbase.data ┇   26 | data.name             | nsmc
[09.06 03:57:29] ┇ INFO     ┇                       chrisbase.data ┇   27 | data.home             | data
[09.06 03:57:29] ┇ INFO     ┇                       chrisbase.data ┇   28 | data.files            | {'train': 'ratings_train.txt', 'valid': 'ratings_test.txt', 'test': None}
[09.06 03:57:29] ┇ INFO     ┇                       chrisbase.data ┇   29 | data.caching          | False
[09.06 03:57:29] ┇ INFO     ┇                       chrisbase.data ┇   30 | data.redownload       | False
[09.06 03:57:29] ┇ INFO     ┇                       chrisbase.data ┇   31 | data.num_check        | 2
[09.06 03:57:29] ┇ INFO     ┇                       chrisbase.data ┇   32 | model.pretrained      | pretrained/KLUE-BERT
[09.06 03:57:29] ┇ INFO     ┇                       chrisbase.data ┇   33 | model.home            | finetuning
[09.06 03:57:29] ┇ INFO     ┇                       chrisbase.data ┇   34 | model.name            | {ep:3.1f}, {val_loss:06.4f}, {val_acc:06.4f}
[09.06 03:57:29] ┇ INFO     ┇                       chrisbase.data ┇   35 | model.seq_len         | 256
[09.06 03:57:29] ┇ INFO     ┇                       chrisbase.data ┇   36 | hardware.cpu_workers  | 32
[09.06 03:57:29] ┇ INFO     ┇                       chrisbase.data ┇   37 | hardware.accelerator  | gpu
[09.06 03:57:29] ┇ INFO     ┇                       chrisbase.data ┇   38 | hardware.batch_size   | 64
[09.06 03:57:29] ┇ INFO     ┇                       chrisbase.data ┇   39 | hardware.precision    | 16-mixed
[09.06 03:57:29] ┇ INFO     ┇                       chrisbase.data ┇   40 | hardware.strategy     | auto
[09.06 03:57:29] ┇ INFO     ┇                       chrisbase.data ┇   41 | hardware.devices      | [2]
[09.06 03:57:29] ┇ INFO     ┇                       chrisbase.data ┇   42 | learning.validate_fmt | loss={val_loss:06.4f}, acc={val_acc:06.4f}
[09.06 03:57:29] ┇ INFO     ┇                       chrisbase.data ┇   43 | learning.validate_on  | 0.1
[09.06 03:57:29] ┇ INFO     ┇                       chrisbase.data ┇   44 | learning.save_by      | max val_acc
[09.06 03:57:29] ┇ INFO     ┇                       chrisbase.data ┇   45 | learning.num_save     | 5
[09.06 03:57:29] ┇ INFO     ┇                       chrisbase.data ┇   46 | learning.epochs       | 3
[09.06 03:57:29] ┇ INFO     ┇                       chrisbase.data ┇   47 | learning.lr           | 5e-05
[09.06 03:57:29] ┇ INFO     ┇                       chrisbase.data ┇   48 | learning.seed         | 7
[09.06 03:57:29] ┇ INFO     ┇                       chrisbase.data ┇ -----------------------------------------------------------------------------------------------------------------------------------------
[09.06 03:57:29] ┇ INFO     ┇      lightning_fabric.utilities.seed ┇ Global seed set to 7
[09.06 03:57:29] ┇ INFO     ┇                             __main__ ┇ -----------------------------------------------------------------------------------------------------------------------------------------
[09.06 03:57:29] ┇ INFO     ┇                   nlpbook.cls.corpus ┇ Creating features from data/nsmc/ratings_train.txt
[09.06 03:57:29] ┇ INFO     ┇                   nlpbook.cls.corpus ┇ Loaded 150000 examples from data/nsmc/ratings_train.txt
[09.06 03:57:43] ┇ INFO     ┇                   nlpbook.cls.corpus ┇   === [Example 1] ===
[09.06 03:57:43] ┇ INFO     ┇                   nlpbook.cls.corpus ┇   = sentence : 아 더빙.. 진짜 짜증나네요 목소리
[09.06 03:57:43] ┇ INFO     ┇                   nlpbook.cls.corpus ┇   = tokens   : [CLS] 아 더 ##빙 . . 진짜 짜증 ##나 ##네 ##요 목소리 [SEP] [PAD] [PAD] [PAD] [PAD] [PAD] [PAD] [PAD] [PAD] [PAD] [PAD] [PAD] [PAD] [PAD] [PAD] [PAD] [PAD] [PAD] [PAD] [PAD] [PAD] [PAD] [PAD] PAD] [PAD] [PAD] [PAD] [PAD] [PAD] [PAD] [PAD] [PAD] [PAD] [PAD] [PAD] [PAD] [PAD] [PAD] [PAD] [PAD] [PAD] [PAD] [PAD] [PAD] [PAD] [PAD] [PAD] [PAD] [PAD] [PAD] [PAD] [PAD] [PAD] [PAD] [PAD] [PAD] [PAD] [PAD] [PAD] [PAD] [PAD] [PAD] [PAD] [PAD] [PAD] [PAD] [PAD] [PAD] [PAD] [PAD] [PAD] [PAD] [PAD] [PAD] [PAD] [PAD] [PAD] [PAD] [PAD] [PAD] [PAD] [PAD] [PAD] [PAD] [PAD] [PAD] [PAD] [PAD] [PAD] [PAD] [PAD] [PAD] [PAD] [PAD] [PAD] [PAD] [PAD] [PAD] [PAD] [PAD] [PAD] [PAD] [PAD] [PAD] [PAD] [PAD] [PAD] [PAD] [PAD] [PAD] [PAD] [PAD] [PAD] [PAD] [PAD] [PAD] [PAD] [PAD] [PAD] [PAD] [PAD] [PAD] [PAD] [PAD] [PAD] [PAD] [PAD] [PAD] [PAD] [PAD] [PAD] [PAD] [PAD] [PAD] [PAD] [PAD] [PAD] [PAD] [PAD] [PAD] [PAD] [PAD] [PAD] [PAD] [PAD] [PAD] [PAD] [PAD] [PAD] [PAD] [PAD] [PAD] [PAD] [PAD] [PAD] [PAD] [PAD] [PAD] [PAD] [PAD] [PAD] [PAD] [PAD] [PAD] [PAD] [PAD] [PAD] [PAD] [PAD] [PAD] [PAD] [PAD] [PAD] [PAD] [PAD] [PAD] [PAD] [PAD] [PAD] [PAD] [PAD] [PAD] [PAD] [PAD] [PAD] [PAD] [PAD] [PAD] [PAD] [PAD] [PAD] [PAD] [PAD] [PAD] [PAD] [PAD] [PAD] [PAD] [PAD] [PAD] [PAD] [PAD] [PAD] [PAD] [PAD] [PAD] [PAD] [PAD] [PAD] [PAD] [PAD] [PAD] [PAD] [PAD] [PAD] [PAD] [PAD] [PAD] [PAD] [PAD] [PAD] [PAD] [PAD] [PAD] [PAD] [PAD] [PAD] [PAD] [PAD] [PAD] [PAD] [PAD] [PAD] [PAD] [PAD] [PAD] [PAD] [PAD] [PAD] [PAD] [PAD] [PAD]
[09.06 03:57:43] ┇ INFO     ┇                   nlpbook.cls.corpus ┇   = label    : 0
[09.06 03:57:43] ┇ INFO     ┇                   nlpbook.cls.corpus ┇   = features : ClassificationFeatures(input_ids=[2, 1376, 831, 2604, 18, 18, 4229, 9801, 2075, 2203, 2182, 4243, 3, 0, 0, 0, 0, 0, 0, 0, 0, 0, 0, 0, 0, 0, 0, 0, 0, 0, 0, 0, 0, 0, 0, 0, 0, 0, 0, 0, 0, 0, 0, 0, 0, 0, 0, 0, 0, 0, 0, 0, 0, 0, 0, 0, 0, 0, 0, 0, 0, 0, 0, 0, 0, 0, 0, 0, 0, 0, 0, 0, 0, 0, 0, 0, 0, 0, 0, 0, 0, 0, 0, 0, 0, 0, 0, 0, 0, 0, 0, 0, 0, 0, 0, 0, 0, 0, 0, 0, 0, 0, 0, 0, 0, 0, 0, 0, 0, 0, 0, 0, 0, 0, 0, 0, 0, 0, 0, 0, 0, 0, 0, 0, 0, 0, 0, 0, 0, 0, 0, 0, 0, 0, 0, 0, 0, 0, 0, 0, 0, 0, 0, 0, 0, 0, 0, 0, 0, 0, 0, 0, 0, 0, 0, 0, 0, 0, 0, 0, 0, 0, 0, 0, 0, 0, 0, 0, 0, 0, 0, 0, 0, 0, 0, 0, 0, 0, 0, 0, 0, 0, 0, 0, 0, 0, 0, 0, 0, 0, 0, 0, 0, 0, 0, 0, 0, 0, 0, 0, 0, 0, 0, 0, 0, 0, 0, 0, 0, 0, 0, 0, 0, 0, 0, 0, 0, 0, 0, 0, 0, 0, 0, 0, 0, 0, 0, 0, 0, 0, 0, 0, 0, 0, 0, 0, 0, 0, 0, 0, 0, 0, 0, 0, 0, 0, 0, 0, 0, 0, 0, 0, 0, 0, 0, 0], attention_mask=[1, 1, 1, 1, 1, 1, 1, 1, 1, 1, 1, 1, 1, 0, 0, 0, 0, 0, 0, 0, 0, 0, 0, 0, 0, 0, 0, 0, 0, 0, 0, 0, 0, 0, 0, 0, 0, 0, 0, 0, 0, 0, 0, 0, 0, 0, 0, 0, 0, 0, 0, 0, 0, 0, 0, 0, 0, 0, 0, 0, 0, 0, 0, 0, 0, 0, 0, 0, 0, 0, 0, 0, 0, 0, 0, 0, 0, 0, 0, 0, 0, 0, 0, 0, 0, 0, 0, 0, 0, 0, 0, 0, 0, 0, 0, 0, 0, 0, 0, 0, 0, 0, 0, 0, 0, 0, 0, 0, 0, 0, 0, 0, 0, 0, 0, 0, 0, 0, 0, 0, 0, 0, 0, 0, 0, 0, 0, 0, 0, 0, 0, 0, 0, 0, 0, 0, 0, 0, 0, 0, 0, 0, 0, 0, 0, 0, 0, 0, 0, 0, 0, 0, 0, 0, 0, 0, 0, 0, 0, 0, 0, 0, 0, 0, 0, 0, 0, 0, 0, 0, 0, 0, 0, 0, 0, 0, 0, 0, 0, 0, 0, 0, 0, 0, 0, 0, 0, 0, 0, 0, 0, 0, 0, 0, 0, 0, 0, 0, 0, 0, 0, 0, 0, 0, 0, 0, 0, 0, 0, 0, 0, 0, 0, 0, 0, 0, 0, 0, 0, 0, 0, 0, 0, 0, 0, 0, 0, 0, 0, 0, 0, 0, 0, 0, 0, 0, 0, 0, 0, 0, 0, 0, 0, 0, 0, 0, 0, 0, 0, 0, 0, 0, 0, 0, 0, 0], token_type_ids=[0, 0, 0, 0, 0, 0, 0, 0, 0, 0, 0, 0, 0, 0, 0, 0, 0, 0, 0, 0, 0, 0, 0, 0, 0, 0, 0, 0, 0, 0, 0, 0, 0, 0, 0, 0, 0, 0, 0, 0, 0, 0, 0, 0, 0, 0, 0, 0, 0, 0, 0, 0, 0, 0, 0, 0, 0, 0, 0, 0, 0, 0, 0, 0, 0, 0, 0, 0, 0, 0, 0, 0, 0, 0, 0, 0, 0, 0, 0, 0, 0, 0, 0, 0, 0, 0, 0, 0, 0, 0, 0, 0, 0, 0, 0, 0, 0, 0, 0, 0, 0, 0, 0, 0, 0, 0, 0, 0, 0, 0, 0, 0, 0, 0, 0, 0, 0, 0, 0, 0, 0, 0, 0, 0, 0, 0, 0, 0, 0, 0, 0, 0, 0, 0, 0, 0, 0, 0, 0, 0, 0, 0, 0, 0, 0, 0, 0, 0, 0, 0, 0, 0, 0, 0, 0, 0, 0, 0, 0, 0, 0, 0, 0, 0, 0, 0, 0, 0, 0, 0, 0, 0, 0, 0, 0, 0, 0, 0, 0, 0, 0, 0, 0, 0, 0, 0, 0, 0, 0, 0, 0, 0, 0, 0, 0, 0, 0, 0, 0, 0, 0, 0, 0, 0, 0, 0, 0, 0, 0, 0, 0, 0, 0, 0, 0, 0, 0, 0, 0, 0, 0, 0, 0, 0, 0, 0, 0, 0, 0, 0, 0, 0, 0, 0, 0, 0, 0, 0, 0, 0, 0, 0, 0, 0, 0, 0, 0, 0, 0, 0, 0, 0, 0, 0, 0, 0], label=0)
[09.06 03:57:43] ┇ INFO     ┇                   nlpbook.cls.corpus ┇   ===
[09.06 03:57:43] ┇ INFO     ┇                   nlpbook.cls.corpus ┇   === [Example 2] ===
[09.06 03:57:43] ┇ INFO     ┇                   nlpbook.cls.corpus ┇   = sentence : 흠...포스터보고 초딩영화줄....오버연기조차 가볍지 않구나
[09.06 03:57:43] ┇ INFO     ┇                   nlpbook.cls.corpus ┇   = tokens   : [CLS] 흠 . . . 포스터 ##보 ##고 초딩 ##영화 ##줄 . . . . 오버 ##연 ##기 ##조 ##차 가볍 ##지 않 ##구나 [SEP] [PAD] [PAD] [PAD] [PAD] [PAD] [PAD] [PAD] [PAD] [PAD] [PAD] [PAD] [PAD] [PAD] [PAD] [PAD] [PAD] [PAD] [PAD] [PAD] [PAD] [PAD] [PAD] [PAD] [PAD] [PAD] [PAD] [PAD] [PAD] [PAD] [PAD] [PAD] [PAD] [PAD] [PAD] [PAD] [PAD] [PAD] [PAD] [PAD] [PAD] [PAD] [PAD] [PAD] [PAD] [PAD] [PAD] [PAD] [PAD] [PAD] [PAD] [PAD] [PAD] [PAD] [PAD] [PAD] [PAD] [PAD] [PAD] [PAD] [PAD] [PAD] [PAD] [PAD] [PAD] [PAD] [PAD] [PAD] [PAD] [PAD] [PAD] [PAD] [PAD] [PAD] [PAD] [PAD] [PAD] [PAD] [PAD] [PAD] [PAD] [PAD] [PAD] [PAD] [PAD] [PAD] [PAD] [PAD] [PAD] [PAD] [PAD] [PAD] [PAD] [PAD] [PAD] [PAD] [PAD] [PAD] [PAD] [PAD] [PAD] [PAD] [PAD] [PAD] [PAD] [PAD] [PAD] [PAD] [PAD] [PAD] [PAD] [PAD] [PAD] [PAD] [PAD] [PAD] [PAD] [PAD] [PAD] [PAD] [PAD] [PAD] [PAD] [PAD] [PAD] [PAD] [PAD] [PAD] [PAD] [PAD] [PAD] [PAD] [PAD] [PAD] [PAD] [PAD] [PAD] [PAD] [PAD] [PAD] [PAD] [PAD] [PAD] [PAD] [PAD] [PAD] [PAD] [PAD] [PAD] [PAD] [PAD] [PAD] [PAD] [PAD] [PAD] [PAD] [PAD] [PAD] [PAD] [PAD] [PAD] [PAD] [PAD] [PAD] [PAD] [PAD] [PAD] [PAD] [PAD] [PAD] [PAD] [PAD] [PAD] [PAD] [PAD] [PAD] [PAD] [PAD] [PAD] [PAD] [PAD] [PAD] [PAD] [PAD] [PAD] [PAD] [PAD] [PAD] [PAD] [PAD] [PAD] [PAD] [PAD] [PAD] [PAD] [PAD] [PAD] [PAD] [PAD] [PAD] [PAD] [PAD] [PAD] [PAD] [PAD] [PAD] [PAD] [PAD] [PAD] [PAD] [PAD] [PAD] [PAD] [PAD] [PAD] [PAD] [PAD] [PAD] [PAD] [PAD] [PAD] [PAD] [PAD] [PAD] [PAD] [PAD] [PAD] [PAD] [PAD] [PAD] [PAD] [PAD]
[09.06 03:57:43] ┇ INFO     ┇                   nlpbook.cls.corpus ┇   = label    : 1
[09.06 03:57:43] ┇ INFO     ┇                   nlpbook.cls.corpus ┇   = features : ClassificationFeatures(input_ids=[2, 1963, 18, 18, 18, 11811, 2178, 2088, 28883, 16516, 2776, 18, 18, 18, 18, 10737, 2156, 2015, 2446, 2232, 6758, 2118, 1380, 6074, 3, 0, 0, 0, 0, 0, 0, 0, 0, 0, 0, 0, 0, 0, 0, 0, 0, 0, 0, 0, 0, 0, 0, 0, 0, 0, 0, 0, 0, 0, 0, 0, 0, 0, 0, 0, 0, 0, 0, 0, 0, 0, 0, 0, 0, 0, 0, 0, 0, 0, 0, 0, 0, 0, 0, 0, 0, 0, 0, 0, 0, 0, 0, 0, 0, 0, 0, 0, 0, 0, 0, 0, 0, 0, 0, 0, 0, 0, 0, 0, 0, 0, 0, 0, 0, 0, 0, 0, 0, 0, 0, 0, 0, 0, 0, 0, 0, 0, 0, 0, 0, 0, 0, 0, 0, 0, 0, 0, 0, 0, 0, 0, 0, 0, 0, 0, 0, 0, 0, 0, 0, 0, 0, 0, 0, 0, 0, 0, 0, 0, 0, 0, 0, 0, 0, 0, 0, 0, 0, 0, 0, 0, 0, 0, 0, 0, 0, 0, 0, 0, 0, 0, 0, 0, 0, 0, 0, 0, 0, 0, 0, 0, 0, 0, 0, 0, 0, 0, 0, 0, 0, 0, 0, 0, 0, 0, 0, 0, 0, 0, 0, 0, 0, 0, 0, 0, 0, 0, 0, 0, 0, 0, 0, 0, 0, 0, 0, 0, 0, 0, 0, 0, 0, 0, 0, 0, 0, 0, 0, 0, 0, 0, 0, 0, 0, 0, 0, 0, 0, 0, 0, 0, 0, 0, 0, 0, 0, 0, 0, 0, 0, 0], attention_mask=[1, 1, 1, 1, 1, 1, 1, 1, 1, 1, 1, 1, 1, 1, 1, 1, 1, 1, 1, 1, 1, 1, 1, 1, 1, 0, 0, 0, 0, 0, 0, 0, 0, 0, 0, 0, 0, 0, 0, 0, 0, 0, 0, 0, 0, 0, 0, 0, 0, 0, 0, 0, 0, 0, 0, 0, 0, 0, 0, 0, 0, 0, 0, 0, 0, 0, 0, 0, 0, 0, 0, 0, 0, 0, 0, 0, 0, 0, 0, 0, 0, 0, 0, 0, 0, 0, 0, 0, 0, 0, 0, 0, 0, 0, 0, 0, 0, 0, 0, 0, 0, 0, 0, 0, 0, 0, 0, 0, 0, 0, 0, 0, 0, 0, 0, 0, 0, 0, 0, 0, 0, 0, 0, 0, 0, 0, 0, 0, 0, 0, 0, 0, 0, 0, 0, 0, 0, 0, 0, 0, 0, 0, 0, 0, 0, 0, 0, 0, 0, 0, 0, 0, 0, 0, 0, 0, 0, 0, 0, 0, 0, 0, 0, 0, 0, 0, 0, 0, 0, 0, 0, 0, 0, 0, 0, 0, 0, 0, 0, 0, 0, 0, 0, 0, 0, 0, 0, 0, 0, 0, 0, 0, 0, 0, 0, 0, 0, 0, 0, 0, 0, 0, 0, 0, 0, 0, 0, 0, 0, 0, 0, 0, 0, 0, 0, 0, 0, 0, 0, 0, 0, 0, 0, 0, 0, 0, 0, 0, 0, 0, 0, 0, 0, 0, 0, 0, 0, 0, 0, 0, 0, 0, 0, 0, 0, 0, 0, 0, 0, 0, 0, 0, 0, 0, 0, 0], token_type_ids=[0, 0, 0, 0, 0, 0, 0, 0, 0, 0, 0, 0, 0, 0, 0, 0, 0, 0, 0, 0, 0, 0, 0, 0, 0, 0, 0, 0, 0, 0, 0, 0, 0, 0, 0, 0, 0, 0, 0, 0, 0, 0, 0, 0, 0, 0, 0, 0, 0, 0, 0, 0, 0, 0, 0, 0, 0, 0, 0, 0, 0, 0, 0, 0, 0, 0, 0, 0, 0, 0, 0, 0, 0, 0, 0, 0, 0, 0, 0, 0, 0, 0, 0, 0, 0, 0, 0, 0, 0, 0, 0, 0, 0, 0, 0, 0, 0, 0, 0, 0, 0, 0, 0, 0, 0, 0, 0, 0, 0, 0, 0, 0, 0, 0, 0, 0, 0, 0, 0, 0, 0, 0, 0, 0, 0, 0, 0, 0, 0, 0, 0, 0, 0, 0, 0, 0, 0, 0, 0, 0, 0, 0, 0, 0, 0, 0, 0, 0, 0, 0, 0, 0, 0, 0, 0, 0, 0, 0, 0, 0, 0, 0, 0, 0, 0, 0, 0, 0, 0, 0, 0, 0, 0, 0, 0, 0, 0, 0, 0, 0, 0, 0, 0, 0, 0, 0, 0, 0, 0, 0, 0, 0, 0, 0, 0, 0, 0, 0, 0, 0, 0, 0, 0, 0, 0, 0, 0, 0, 0, 0, 0, 0, 0, 0, 0, 0, 0, 0, 0, 0, 0, 0, 0, 0, 0, 0, 0, 0, 0, 0, 0, 0, 0, 0, 0, 0, 0, 0, 0, 0, 0, 0, 0, 0, 0, 0, 0, 0, 0, 0, 0, 0, 0, 0, 0, 0], label=1)
[09.06 03:57:43] ┇ INFO     ┇                   nlpbook.cls.corpus ┇   ===
[09.06 03:57:43] ┇ INFO     ┇                   nlpbook.cls.corpus ┇ Converted 150000 raw examples to 150000 encoded examples
[09.06 03:57:44] ┇ INFO     ┇                             __main__ ┇ Created train_dataset providing 150000 examples
[09.06 03:57:44] ┇ INFO     ┇                             __main__ ┇ Created train_dataloader providing 2344 batches
[09.06 03:57:44] ┇ INFO     ┇                             __main__ ┇ -----------------------------------------------------------------------------------------------------------------------------------------
[09.06 03:57:44] ┇ INFO     ┇                   nlpbook.cls.corpus ┇ Creating features from data/nsmc/ratings_test.txt
[09.06 03:57:45] ┇ INFO     ┇                   nlpbook.cls.corpus ┇ Loaded 50000 examples from data/nsmc/ratings_test.txt
[09.06 03:57:49] ┇ INFO     ┇                   nlpbook.cls.corpus ┇   === [Example 1] ===
[09.06 03:57:49] ┇ INFO     ┇                   nlpbook.cls.corpus ┇   = sentence : 굳 ㅋ
[09.06 03:57:49] ┇ INFO     ┇                   nlpbook.cls.corpus ┇   = tokens   : [CLS] 굳 ㅋ [SEP] [PAD] [PAD] [PAD] [PAD] [PAD] [PAD] [PAD] [PAD] [PAD] [PAD] [PAD] [PAD] [PAD] [PAD] [PAD] [PAD] [PAD] [PAD] [PAD] [PAD] [PAD] [PAD] [PAD] [PAD] [PAD] [PAD] [PAD] [PAD] [PAD]PAD] [PAD] [PAD] [PAD] [PAD] [PAD] [PAD] [PAD] [PAD] [PAD] [PAD] [PAD] [PAD] [PAD] [PAD] [PAD] [PAD] [PAD] [PAD] [PAD] [PAD] [PAD] [PAD] [PAD] [PAD] [PAD] [PAD] [PAD] [PAD] [PAD] [PAD] [PAD] [PAD] [PAD] [PAD] [PAD] [PAD] [PAD] [PAD] [PAD] [PAD] [PAD] [PAD] [PAD] [PAD] [PAD] [PAD] [PAD] [PAD] [PAD] [PAD] [PAD] [PAD] [PAD] [PAD] [PAD] [PAD] [PAD] [PAD] [PAD] [PAD] [PAD] [PAD] [PAD] [PAD] [PAD] [PAD] [PAD] [PAD] [PAD] [PAD] [PAD] [PAD] [PAD] [PAD] [PAD] [PAD] [PAD] [PAD] [PAD] [PAD] [PAD] [PAD] [PAD] [PAD] [PAD] [PAD] [PAD] [PAD] [PAD] [PAD] [PAD] [PAD] [PAD] [PAD] [PAD] [PAD] [PAD] [PAD] [PAD] [PAD] [PAD] [PAD] [PAD] [PAD] [PAD] [PAD] [PAD] [PAD] [PAD] [PAD] [PAD] [PAD] [PAD] [PAD] [PAD] [PAD] [PAD] [PAD] [PAD] [PAD] [PAD] [PAD] [PAD] [PAD] [PAD] [PAD] [PAD] [PAD] [PAD] [PAD] [PAD] [PAD] [PAD] [PAD] [PAD] [PAD] [PAD] [PAD] [PAD] [PAD] [PAD] [PAD] [PAD] [PAD] [PAD] [PAD] [PAD] [PAD] [PAD] [PAD] [PAD] [PAD] [PAD] [PAD] [PAD] [PAD] [PAD] [PAD] [PAD] [PAD] [PAD] [PAD] [PAD] [PAD] [PAD] [PAD] [PAD] [PAD] [PAD] [PAD] [PAD] [PAD] [PAD] [PAD] [PAD] [PAD] [PAD] [PAD] [PAD] [PAD] [PAD] [PAD] [PAD] [PAD] [PAD] [PAD] [PAD] [PAD] [PAD] [PAD] [PAD] [PAD] [PAD] [PAD] [PAD] [PAD] [PAD] [PAD] [PAD] [PAD] [PAD] [PAD] [PAD] [PAD] [PAD] [PAD] [PAD] [PAD] [PAD] [PAD] [PAD] [PAD] [PAD] [PAD] [PAD] [PAD] [PAD] [PAD] [PAD] [PAD] [PAD] [PAD]
[09.06 03:57:49] ┇ INFO     ┇                   nlpbook.cls.corpus ┇   = label    : 1
[09.06 03:57:49] ┇ INFO     ┇                   nlpbook.cls.corpus ┇   = features : ClassificationFeatures(input_ids=[2, 618, 191, 3, 0, 0, 0, 0, 0, 0, 0, 0, 0, 0, 0, 0, 0, 0, 0, 0, 0, 0, 0, 0, 0, 0, 0, 0, 0, 0, 0, 0, 0, 0, 0, 0, 0, 0, 0, 0, 0, 0, 0, 0, 0, 0, 0, 0, 0, 0, 0, 0, 0, 0, 0, 0, 0, 0, 0, 0, 0, 0, 0, 0, 0, 0, 0, 0, 0, 0, 0, 0, 0, 0, 0, 0, 0, 0, 0, 0, 0, 0, 0, 0, 0, 0, 0, 0, 0, 0, 0, 0, 0, 0, 0, 0, 0, 0, 0, 0, 0, 0, 0, 0, 0, 0, 0, 0, 0, 0, 0, 0, 0, 0, 0, 0, 0, 0, 0, 0, 0, 0, 0, 0, 0, 0, 0, 0, 0, 0, 0, 0, 0, 0, 0, 0, 0, 0, 0, 0, 0, 0, 0, 0, 0, 0, 0, 0, 0, 0, 0, 0, 0, 0, 0, 0, 0, 0, 0, 0, 0, 0, 0, 0, 0, 0, 0, 0, 0, 0, 0, 0, 0, 0, 0, 0, 0, 0, 0, 0, 0, 0, 0, 0, 0, 0, 0, 0, 0, 0, 0, 0, 0, 0, 0, 0, 0, 0, 0, 0, 0, 0, 0, 0, 0, 0, 0, 0, 0, 0, 0, 0, 0, 0, 0, 0, 0, 0, 0, 0, 0, 0, 0, 0, 0, 0, 0, 0, 0, 0, 0, 0, 0, 0, 0, 0, 0, 0, 0, 0, 0, 0, 0, 0, 0, 0, 0, 0, 0, 0, 0, 0, 0, 0, 0, 0], attention_mask=[1, 1, 1, 1, 0, 0, 0, 0, 0, 0, 0, 0, 0, 0, 0, 0, 0, 0, 0, 0, 0, 0, 0, 0, 0, 0, 0, 0, 0, 0, 0, 0, 0, 0, 0, 0, 0, 0, 0, 0, 0, 0, 0, 0, 0, 0, 0, 0, 0, 0, 0, 0, 0, 0, 0, 0, 0, 0, 0, 0, 0, 0, 0, 0, 0, 0, 0, 0, 0, 0, 0, 0, 0, 0, 0, 0, 0, 0, 0, 0, 0, 0, 0, 0, 0, 0, 0, 0, 0, 0, 0, 0, 0, 0, 0, 0, 0, 0, 0, 0, 0, 0, 0, 0, 0, 0, 0, 0, 0, 0, 0, 0, 0, 0, 0, 0, 0, 0, 0, 0, 0, 0, 0, 0, 0, 0, 0, 0, 0, 0, 0, 0, 0, 0, 0, 0, 0, 0, 0, 0, 0, 0, 0, 0, 0, 0, 0, 0, 0, 0, 0, 0, 0, 0, 0, 0, 0, 0, 0, 0, 0, 0, 0, 0, 0, 0, 0, 0, 0, 0, 0, 0, 0, 0, 0, 0, 0, 0, 0, 0, 0, 0, 0, 0, 0, 0, 0, 0, 0, 0, 0, 0, 0, 0, 0, 0, 0, 0, 0, 0, 0, 0, 0, 0, 0, 0, 0, 0, 0, 0, 0, 0, 0, 0, 0, 0, 0, 0, 0, 0, 0, 0, 0, 0, 0, 0, 0, 0, 0, 0, 0, 0, 0, 0, 0, 0, 0, 0, 0, 0, 0, 0, 0, 0, 0, 0, 0, 0, 0, 0, 0, 0, 0, 0, 0, 0], token_type_ids=[0, 0, 0, 0, 0, 0, 0, 0, 0, 0, 0, 0, 0, 0, 0, 0, 0, 0, 0, 0, 0, 0, 0, 0, 0, 0, 0, 0, 0, 0, 0, 0, 0, 0, 0, 0, 0, 0, 0, 0, 0, 0, 0, 0, 0, 0, 0, 0, 0, 0, 0, 0, 0, 0, 0, 0, 0, 0, 0, 0, 0, 0, 0, 0, 0, 0, 0, 0, 0, 0, 0, 0, 0, 0, 0, 0, 0, 0, 0, 0, 0, 0, 0, 0, 0, 0, 0, 0, 0, 0, 0, 0, 0, 0, 0, 0, 0, 0, 0, 0, 0, 0, 0, 0, 0, 0, 0, 0, 0, 0, 0, 0, 0, 0, 0, 0, 0, 0, 0, 0, 0, 0, 0, 0, 0, 0, 0, 0, 0, 0, 0, 0, 0, 0, 0, 0, 0, 0, 0, 0, 0, 0, 0, 0, 0, 0, 0, 0, 0, 0, 0, 0, 0, 0, 0, 0, 0, 0, 0, 0, 0, 0, 0, 0, 0, 0, 0, 0, 0, 0, 0, 0, 0, 0, 0, 0, 0, 0, 0, 0, 0, 0, 0, 0, 0, 0, 0, 0, 0, 0, 0, 0, 0, 0, 0, 0, 0, 0, 0, 0, 0, 0, 0, 0, 0, 0, 0, 0, 0, 0, 0, 0, 0, 0, 0, 0, 0, 0, 0, 0, 0, 0, 0, 0, 0, 0, 0, 0, 0, 0, 0, 0, 0, 0, 0, 0, 0, 0, 0, 0, 0, 0, 0, 0, 0, 0, 0, 0, 0, 0, 0, 0, 0, 0, 0, 0], label=1)
[09.06 03:57:49] ┇ INFO     ┇                   nlpbook.cls.corpus ┇   ===
[09.06 03:57:49] ┇ INFO     ┇                   nlpbook.cls.corpus ┇   === [Example 2] ===
[09.06 03:57:49] ┇ INFO     ┇                   nlpbook.cls.corpus ┇   = sentence : GDNTOPCLASSINTHECLUB
[09.06 03:57:49] ┇ INFO     ┇                   nlpbook.cls.corpus ┇   = tokens   : [CLS] G ##D ##N ##TO ##P ##C ##LA ##S ##SI ##N ##T ##H ##EC ##L ##U ##B [SEP] [PAD] [PAD] [PAD] [PAD] [PAD] [PAD] [PAD] [PAD] [PAD] [PAD] [PAD] [PAD] [PAD] [PAD] [PAD] [PAD] [PAD] [PAD] [PAD] [PAD] [PAD] [PAD] [PAD] [PAD] [PAD] [PAD] [PAD] [PAD] [PAD] [PAD] [PAD] [PAD] [PAD] [PAD] [PAD] [PAD] [PAD] [PAD] [PAD] [PAD] [PAD] [PAD] [PAD] [PAD] [PAD] [PAD] [PAD] [PAD] [PAD] [PAD] [PAD] [PAD] [PAD] [PAD] [PAD] [PAD] [PAD] [PAD] [PAD] [PAD] [PAD] [PAD] [PAD] [PAD] [PAD] [PAD] [PAD] [PAD] [PAD] [PAD] [PAD] [PAD] [PAD] [PAD] [PAD] [PAD] [PAD] [PAD] [PAD] [PAD] [PAD] [PAD] [PAD] [PAD] [PAD] [PAD] [PAD] [PAD] [PAD] [PAD] [PAD] [PAD] [PAD] [PAD] [PAD] [PAD] [PAD] [PAD] [PAD] [PAD] [PAD] [PAD] [PAD] [PAD] [PAD] [PAD] [PAD] [PAD] [PAD] [PAD] [PAD] [PAD] [PAD] [PAD] [PAD] [PAD] [PAD] [PAD] [PAD] [PAD] [PAD] [PAD] [PAD] [PAD] [PAD] [PAD] [PAD] [PAD] [PAD] [PAD] [PAD] [PAD] [PAD] [PAD] [PAD] [PAD] [PAD] [PAD] [PAD] [PAD] [PAD] [PAD] [PAD] [PAD] [PAD] [PAD] [PAD] [PAD] [PAD] [PAD] [PAD] [PAD] [PAD] [PAD] [PAD] [PAD] [PAD] [PAD] [PAD] [PAD] [PAD] [PAD] [PAD] [PAD] [PAD] [PAD] [PAD] [PAD] [PAD] [PAD] [PAD] [PAD] [PAD] [PAD] [PAD] [PAD] [PAD] [PAD] [PAD] [PAD] [PAD] [PAD] [PAD] [PAD] [PAD] [PAD] [PAD] [PAD] [PAD] [PAD] [PAD] [PAD] [PAD] [PAD] [PAD] [PAD] [PAD] [PAD] [PAD] [PAD] [PAD] [PAD] [PAD] [PAD] [PAD] [PAD] [PAD] [PAD] [PAD] [PAD] [PAD] [PAD] [PAD] [PAD] [PAD] [PAD] [PAD] [PAD] [PAD] [PAD] [PAD] [PAD] [PAD] [PAD] [PAD] [PAD] [PAD] [PAD] [PAD] [PAD] [PAD] [PAD] [PAD] [PAD] [PAD] [PAD] [PAD] [PAD]
[09.06 03:57:49] ┇ INFO     ┇                   nlpbook.cls.corpus ┇   = label    : 0
[09.06 03:57:49] ┇ INFO     ┇                   nlpbook.cls.corpus ┇   = features : ClassificationFeatures(input_ids=[2, 43, 2134, 2111, 11216, 2325, 2108, 21072, 2238, 14948, 2111, 2081, 2109, 10990, 2237, 2309, 2206, 3, 0, 0, 0, 0, 0, 0, 0, 0, 0, 0, 0, 0, 0, 0, 0, 0, 0, 0, 0, 0, 0, 0, 0, 0, 0, 0, 0, 0, 0, 0, 0, 0, 0, 0, 0, 0, 0, 0, 0, 0, 0, 0, 0, 0, 0, 0, 0, 0, 0, 0, 0, 0, 0, 0, 0, 0, 0, 0, 0, 0, 0, 0, 0, 0, 0, 0, 0, 0, 0, 0, 0, 0, 0, 0, 0, 0, 0, 0, 0, 0, 0, 0, 0, 0, 0, 0, 0, 0, 0, 0, 0, 0, 0, 0, 0, 0, 0, 0, 0, 0, 0, 0, 0, 0, 0, 0, 0, 0, 0, 0, 0, 0, 0, 0, 0, 0, 0, 0, 0, 0, 0, 0, 0, 0, 0, 0, 0, 0, 0, 0, 0, 0, 0, 0, 0, 0, 0, 0, 0, 0, 0, 0, 0, 0, 0, 0, 0, 0, 0, 0, 0, 0, 0, 0, 0, 0, 0, 0, 0, 0, 0, 0, 0, 0, 0, 0, 0, 0, 0, 0, 0, 0, 0, 0, 0, 0, 0, 0, 0, 0, 0, 0, 0, 0, 0, 0, 0, 0, 0, 0, 0, 0, 0, 0, 0, 0, 0, 0, 0, 0, 0, 0, 0, 0, 0, 0, 0, 0, 0, 0, 0, 0, 0, 0, 0, 0, 0, 0, 0, 0, 0, 0, 0, 0, 0, 0, 0, 0, 0, 0, 0, 0, 0, 0, 0, 0, 0, 0], attention_mask=[1, 1, 1, 1, 1, 1, 1, 1, 1, 1, 1, 1, 1, 1, 1, 1, 1, 1, 0, 0, 0, 0, 0, 0, 0, 0, 0, 0, 0, 0, 0, 0, 0, 0, 0, 0, 0, 0, 0, 0, 0, 0, 0, 0, 0, 0, 0, 0, 0, 0, 0, 0, 0, 0, 0, 0, 0, 0, 0, 0, 0, 0, 0, 0, 0, 0, 0, 0, 0, 0, 0, 0, 0, 0, 0, 0, 0, 0, 0, 0, 0, 0, 0, 0, 0, 0, 0, 0, 0, 0, 0, 0, 0, 0, 0, 0, 0, 0, 0, 0, 0, 0, 0, 0, 0, 0, 0, 0, 0, 0, 0, 0, 0, 0, 0, 0, 0, 0, 0, 0, 0, 0, 0, 0, 0, 0, 0, 0, 0, 0, 0, 0, 0, 0, 0, 0, 0, 0, 0, 0, 0, 0, 0, 0, 0, 0, 0, 0, 0, 0, 0, 0, 0, 0, 0, 0, 0, 0, 0, 0, 0, 0, 0, 0, 0, 0, 0, 0, 0, 0, 0, 0, 0, 0, 0, 0, 0, 0, 0, 0, 0, 0, 0, 0, 0, 0, 0, 0, 0, 0, 0, 0, 0, 0, 0, 0, 0, 0, 0, 0, 0, 0, 0, 0, 0, 0, 0, 0, 0, 0, 0, 0, 0, 0, 0, 0, 0, 0, 0, 0, 0, 0, 0, 0, 0, 0, 0, 0, 0, 0, 0, 0, 0, 0, 0, 0, 0, 0, 0, 0, 0, 0, 0, 0, 0, 0, 0, 0, 0, 0, 0, 0, 0, 0, 0, 0], token_type_ids=[0, 0, 0, 0, 0, 0, 0, 0, 0, 0, 0, 0, 0, 0, 0, 0, 0, 0, 0, 0, 0, 0, 0, 0, 0, 0, 0, 0, 0, 0, 0, 0, 0, 0, 0, 0, 0, 0, 0, 0, 0, 0, 0, 0, 0, 0, 0, 0, 0, 0, 0, 0, 0, 0, 0, 0, 0, 0, 0, 0, 0, 0, 0, 0, 0, 0, 0, 0, 0, 0, 0, 0, 0, 0, 0, 0, 0, 0, 0, 0, 0, 0, 0, 0, 0, 0, 0, 0, 0, 0, 0, 0, 0, 0, 0, 0, 0, 0, 0, 0, 0, 0, 0, 0, 0, 0, 0, 0, 0, 0, 0, 0, 0, 0, 0, 0, 0, 0, 0, 0, 0, 0, 0, 0, 0, 0, 0, 0, 0, 0, 0, 0, 0, 0, 0, 0, 0, 0, 0, 0, 0, 0, 0, 0, 0, 0, 0, 0, 0, 0, 0, 0, 0, 0, 0, 0, 0, 0, 0, 0, 0, 0, 0, 0, 0, 0, 0, 0, 0, 0, 0, 0, 0, 0, 0, 0, 0, 0, 0, 0, 0, 0, 0, 0, 0, 0, 0, 0, 0, 0, 0, 0, 0, 0, 0, 0, 0, 0, 0, 0, 0, 0, 0, 0, 0, 0, 0, 0, 0, 0, 0, 0, 0, 0, 0, 0, 0, 0, 0, 0, 0, 0, 0, 0, 0, 0, 0, 0, 0, 0, 0, 0, 0, 0, 0, 0, 0, 0, 0, 0, 0, 0, 0, 0, 0, 0, 0, 0, 0, 0, 0, 0, 0, 0, 0, 0], label=0)
[09.06 03:57:49] ┇ INFO     ┇                   nlpbook.cls.corpus ┇   ===
[09.06 03:57:49] ┇ INFO     ┇                   nlpbook.cls.corpus ┇ Converted 50000 raw examples to 50000 encoded examples
[09.06 03:57:50] ┇ INFO     ┇                             __main__ ┇ Created valid_dataset providing 50000 examples
[09.06 03:57:50] ┇ INFO     ┇                             __main__ ┇ Created valid_dataloader providing 782 batches
[09.06 03:57:50] ┇ INFO     ┇                             __main__ ┇ -----------------------------------------------------------------------------------------------------------------------------------------
[09.06 03:57:51] ┇ WARNING  ┇          transformers.modeling_utils ┇ Some weights of BertForSequenceClassification were not initialized from the model checkpoint at pretrained/KLUE-BERT and are newly initialized: ['classifier.weight', 'classifier.bias']
You should probably TRAIN this model on a down-stream task to be able to use it for predictions and inference.
[09.06 03:57:51] ┇ INFO     ┇                             __main__ ┇ -----------------------------------------------------------------------------------------------------------------------------------------
[09.06 03:57:51] ┇ INFO     ┇ pytorch_lightning.utilities.rank_zero ┇ Using 16bit Automatic Mixed Precision (AMP)
[09.06 03:57:51] ┇ INFO     ┇ pytorch_lightning.utilities.rank_zero ┇ GPU available: True (cuda), used: True
[09.06 03:57:51] ┇ INFO     ┇ pytorch_lightning.utilities.rank_zero ┇ TPU available: False, using: 0 TPU cores
[09.06 03:57:51] ┇ INFO     ┇ pytorch_lightning.utilities.rank_zero ┇ IPU available: False, using: 0 IPUs
[09.06 03:57:51] ┇ INFO     ┇ pytorch_lightning.utilities.rank_zero ┇ HPU available: False, using: 0 HPUs
/home/chrisjihee/mambaforge/envs/DeepKNLU-23.09/lib/python3.10/site-packages/lightning_fabric/loggers/csv_logs.py:195: UserWarning: Experiment logs directory finetuning/nsmc/train-KLUE-BERT-0906.035751 exists and is not empty. Previous log files in this directory will be deleted when the new ones are saved!
  rank_zero_warn(
/home/chrisjihee/mambaforge/envs/DeepKNLU-23.09/lib/python3.10/site-packages/pytorch_lightning/callbacks/model_checkpoint.py:617: UserWarning: Checkpoint directory /home/chrisjihee/proj/DeepKNLU-23.09/finetuning/nsmc/train-KLUE-BERT-0906.035751 exists and is not empty.
  rank_zero_warn(f"Checkpoint directory {dirpath} exists and is not empty.")
[09.06 03:57:51] ┇ INFO     ┇  pytorch_lightning.accelerators.cuda ┇ LOCAL_RANK: 0 - CUDA_VISIBLE_DEVICES: [0,1,2,3]
[09.06 03:57:51] ┇ INFO     ┇ pytorch_lightning.callbacks.model_summary ┇
  | Name  | Type                          | Params
--------------------------------------------------------
0 | model | BertForSequenceClassification | 110 M
--------------------------------------------------------
110 M     Trainable params
0         Non-trainable params
110 M     Total params
442.476   Total estimated model params size (MB)
Epoch 2: 100%|█████████████████████████████████████████████████████████████████████████████████████████████████████████████████████████████████████████| 2344/2344 [25:17<00:00,  1.54it/s, v_num=5751, ep=3.000, lr=3.65e-5, loss=0.113, acc=0.938, val_loss=0.302, val_acc=0.902]
[09.06 05:12:59] ┇ INFO     ┇ pytorch_lightning.utilities.rank_zero ┇ `Trainer.fit` stopped: `max_epochs=3` reached.
Epoch 2: 100%|█████████████████████████████████████████████████████████████████████████████████████████████████████████████████████████████████████████| 2344/2344 [25:17<00:00,  1.54it/s, v_num=5751, ep=3.000, lr=3.65e-5, loss=0.113, acc=0.938, val_loss=0.302, val_acc=0.902]
[09.06 05:13:02] ┇ INFO     ┇                       chrisbase.data ┇ =========================================================================================================================================
[09.06 05:13:02] ┇ INFO     ┇                       chrisbase.data ┇ [EXIT] python 1-doc-class.py train --data-name nsmc --seq-len 256 --batch-size 64 --num-save 5 --epochs 3 --pretrained pretrained/KLUE-BERT --device 2 ($=01:15:32.459)
[09.06 05:13:02] ┇ INFO     ┇                       chrisbase.data ┇ =========================================================================================================================================
(DeepKNLU-23.09) chrisjihee@ptlm3:~/proj/DeepKNLU-23.09$

